<?xml version="1.0" encoding="UTF-8" ?>
<testsuite errors="1" failures="4" hostname="DESKTOP-683K2Q9" name="edu.uag.iidis.scec.pruebas.AllTests" skipped="0" tests="27" time="3.826" timestamp="2017-07-25T00:14:41">
  <properties>
[...]
</properties>
  <testcase classname="edu.uag.iidis.scec.pruebas.UsuarioDAOTest" name="testBuscarTodos" time="1.375" />
  <testcase classname="edu.uag.iidis.scec.pruebas.UsuarioDAOTest" name="testCrearUsuario" time="0.235" />
  <testcase classname="edu.uag.iidis.scec.pruebas.UsuarioDAOTest" name="testVerificarRol" time="0.062">
    <failure type="junit.framework.AssertionFailedError">junit.framework.AssertionFailedError
	at edu.uag.iidis.scec.pruebas.UsuarioDAOTest.testVerificarRol(UsuarioDAOTest.java:145)
	at junit.extensions.TestDecorator.basicRun(TestDecorator.java:22)
	at junit.extensions.TestSetup$1.protect(TestSetup.java:19)
	at junit.extensions.TestSetup.run(TestSetup.java:23)
</failure>
  </testcase>
  <testcase classname="edu.uag.iidis.scec.pruebas.UsuarioDAOTest" name="testEliminarUsuario" time="0.125" />
  <testcase classname="edu.uag.iidis.scec.pruebas.UsuarioDAOTest" name="testBuscarPorEjemplo" time="0.0">
    <failure type="junit.framework.AssertionFailedError">junit.framework.AssertionFailedError
	at edu.uag.iidis.scec.pruebas.UsuarioDAOTest.testBuscarPorEjemplo(UsuarioDAOTest.java:118)
	at junit.extensions.TestDecorator.basicRun(TestDecorator.java:22)
	at junit.extensions.TestSetup$1.protect(TestSetup.java:19)
	at junit.extensions.TestSetup.run(TestSetup.java:23)
</failure>
  </testcase>
  <testcase classname="edu.uag.iidis.scec.pruebas.UsuarioDAOTest" name="testBuscarUsuarioPorId" time="0.016">
    <failure type="junit.framework.AssertionFailedError">junit.framework.AssertionFailedError
	at edu.uag.iidis.scec.pruebas.UsuarioDAOTest.testBuscarUsuarioPorId(UsuarioDAOTest.java:100)
	at junit.extensions.TestDecorator.basicRun(TestDecorator.java:22)
	at junit.extensions.TestSetup$1.protect(TestSetup.java:19)
	at junit.extensions.TestSetup.run(TestSetup.java:23)
</failure>
  </testcase>
  <testcase classname="edu.uag.iidis.scec.pruebas.HotelDAOTest" name="testCrearHotelE" time="0.144" />
  <testcase classname="edu.uag.iidis.scec.pruebas.HotelDAOTest" name="testBuscarTodosE" time="0.094" />
  <testcase classname="edu.uag.iidis.scec.pruebas.HotelDAOTest" name="testExisteHotelE" time="0.047" />
  <testcase classname="edu.uag.iidis.scec.pruebas.HotelDAOTest" name="testExisteHotelF" time="0.078" />
  <testcase classname="edu.uag.iidis.scec.pruebas.HotelDAOTest" name="testordenarHotelesPorE" time="0.078" />
  <testcase classname="edu.uag.iidis.scec.pruebas.HotelDAOTest" name="testActualizarHotelE" time="0.078" />
  <testcase classname="edu.uag.iidis.scec.pruebas.HotelDAOTest" name="testEliminarHotelE" time="0.107" />
  <testcase classname="edu.uag.iidis.scec.pruebas.CriticaDAOTest" name="testBuscarTodosE" time="0.172" />
  <testcase classname="edu.uag.iidis.scec.pruebas.CriticaDAOTest" name="testActualizarCriticaE" time="0.109" />
  <testcase classname="edu.uag.iidis.scec.pruebas.CriticaDAOTest" name="testordenarCriticaesPorE" time="0.062" />
  <testcase classname="edu.uag.iidis.scec.pruebas.CriticaDAOTest" name="testExisteCriticaF" time="0.079" />
  <testcase classname="edu.uag.iidis.scec.pruebas.CriticaDAOTest" name="testEliminarCriticaE" time="0.062" />
  <testcase classname="edu.uag.iidis.scec.pruebas.CriticaDAOTest" name="testExisteCriticaE" time="0.063" />
  <testcase classname="edu.uag.iidis.scec.pruebas.CriticaDAOTest" name="testCrearCriticaE" time="0.125" />
  <testcase classname="edu.uag.iidis.scec.pruebas.LugarDAOTest" name="testEliminarLugarF" time="0.062">
    <failure type="junit.framework.AssertionFailedError">junit.framework.AssertionFailedError
	at edu.uag.iidis.scec.pruebas.LugarDAOTest.testEliminarLugarF(LugarDAOTest.java:258)
	at junit.extensions.TestDecorator.basicRun(TestDecorator.java:22)
	at junit.extensions.TestSetup$1.protect(TestSetup.java:19)
	at junit.extensions.TestSetup.run(TestSetup.java:23)
</failure>
  </testcase>
  <testcase classname="edu.uag.iidis.scec.pruebas.LugarDAOTest" name="testActualizarLugarE" time="0.156" />
  <testcase classname="edu.uag.iidis.scec.pruebas.LugarDAOTest" name="testEliminarLugarE" time="0.078" />
  <testcase classname="edu.uag.iidis.scec.pruebas.LugarDAOTest" name="testCrearLugarE" time="0.079" />
  <testcase classname="edu.uag.iidis.scec.pruebas.LugarDAOTest" name="testExisteLugarE" time="0.031" />
  <testcase classname="edu.uag.iidis.scec.pruebas.LugarDAOTest" name="testCrearLugarF" time="0.063">
    <error message="org.hibernate.exception.ConstraintViolationException: Duplicate key or integrity constraint violation,  message from server: &quot;Duplicate entry &apos;lugar&apos; for key &apos;Nombre&apos;&quot;" type="edu.uag.iidis.scec.excepciones.ExcepcionInfraestructura">edu.uag.iidis.scec.excepciones.ExcepcionInfraestructura: org.hibernate.exception.ConstraintViolationException: Duplicate key or integrity constraint violation,  message from server: &quot;Duplicate entry &apos;lugar&apos; for key &apos;Nombre&apos;&quot;
	at edu.uag.iidis.scec.persistencia.hibernate.HibernateUtil.commitTransaction(HibernateUtil.java:275)
	at edu.uag.iidis.scec.pruebas.LugarDAOTest.testCrearLugarF(LugarDAOTest.java:75)
	at junit.extensions.TestDecorator.basicRun(TestDecorator.java:22)
	at junit.extensions.TestSetup$1.protect(TestSetup.java:19)
	at junit.extensions.TestSetup.run(TestSetup.java:23)
Caused by: org.hibernate.exception.ConstraintViolationException: Duplicate key or integrity constraint violation,  message from server: &quot;Duplicate entry &apos;lugar&apos; for key &apos;Nombre&apos;&quot;
	at org.hibernate.exception.internal.SQLStateConverter.convert(SQLStateConverter.java:104)
	at org.hibernate.engine.jdbc.spi.SqlExceptionHelper.convert(SqlExceptionHelper.java:125)
	at org.hibernate.engine.jdbc.spi.SqlExceptionHelper.convert(SqlExceptionHelper.java:110)
	at org.hibernate.engine.jdbc.internal.proxy.AbstractStatementProxyHandler.continueInvocation(AbstractStatementProxyHandler.java:129)
	at org.hibernate.engine.jdbc.internal.proxy.AbstractProxyHandler.invoke(AbstractProxyHandler.java:81)
	at com.sun.proxy.$Proxy3.executeUpdate(Unknown Source)
	at org.hibernate.engine.jdbc.batch.internal.NonBatchingBatch.addToBatch(NonBatchingBatch.java:56)
	at org.hibernate.persister.entity.AbstractEntityPersister.insert(AbstractEntityPersister.java:2849)
	at org.hibernate.persister.entity.AbstractEntityPersister.insert(AbstractEntityPersister.java:3290)
	at org.hibernate.action.internal.EntityInsertAction.execute(EntityInsertAction.java:80)
	at org.hibernate.engine.spi.ActionQueue.execute(ActionQueue.java:273)
	at org.hibernate.engine.spi.ActionQueue.executeActions(ActionQueue.java:265)
	at org.hibernate.engine.spi.ActionQueue.executeActions(ActionQueue.java:186)
	at org.hibernate.event.internal.AbstractFlushingEventListener.performExecutions(AbstractFlushingEventListener.java:323)
	at org.hibernate.event.internal.DefaultFlushEventListener.onFlush(DefaultFlushEventListener.java:52)
	at org.hibernate.internal.SessionImpl.flush(SessionImpl.java:1081)
	at org.hibernate.internal.SessionImpl.managedFlush(SessionImpl.java:315)
	at org.hibernate.engine.transaction.internal.jdbc.JdbcTransaction.beforeTransactionCommit(JdbcTransaction.java:101)
	at org.hibernate.engine.transaction.spi.AbstractTransactionImpl.commit(AbstractTransactionImpl.java:175)
	at edu.uag.iidis.scec.persistencia.hibernate.HibernateUtil.commitTransaction(HibernateUtil.java:266)
Caused by: java.sql.SQLException: Duplicate key or integrity constraint violation,  message from server: &quot;Duplicate entry &apos;lugar&apos; for key &apos;Nombre&apos;&quot;
	at com.mysql.jdbc.MysqlIO.checkErrorPacket(MysqlIO.java:1977)
	at com.mysql.jdbc.MysqlIO.sendCommand(MysqlIO.java:1163)
	at com.mysql.jdbc.MysqlIO.sqlQueryDirect(MysqlIO.java:1272)
	at com.mysql.jdbc.Connection.execSQL(Connection.java:2236)
	at com.mysql.jdbc.PreparedStatement.executeUpdate(PreparedStatement.java:1741)
	at com.mysql.jdbc.PreparedStatement.executeUpdate(PreparedStatement.java:1588)
	at org.hibernate.engine.jdbc.internal.proxy.AbstractStatementProxyHandler.continueInvocation(AbstractStatementProxyHandler.java:122)
</error>
  </testcase>
  <testcase classname="edu.uag.iidis.scec.pruebas.LugarDAOTest" name="testExisteLugarF" time="0.093" />
  <system-out><![CDATA[[SCEC] 2017-07-24 19:14:42,022 DEBUG edu.uag.iidis.scec.persistencia.UsuarioDAO.buscarTodos(100) : >buscarTodos()
[SCEC] 2017-07-24 19:14:42,022 DEBUG edu.uag.iidis.scec.persistencia.hibernate.HibernateUtil.<clinit>(69) : >creando sessionFactory
[SCEC] 2017-07-24 19:14:43,132 DEBUG edu.uag.iidis.scec.persistencia.hibernate.HibernateUtil.getSession(160) : >getSession()
[SCEC] 2017-07-24 19:14:43,132 DEBUG edu.uag.iidis.scec.persistencia.hibernate.HibernateUtil.getSession(167) : -Abriendo una nueva sesión para el thread.
Hibernate: select this_.idUsuario as idUsuario0_0_, this_.nombrePrefijo as nombrePr2_0_0_, this_.nombreNombre as nombreNo3_0_0_, this_.nombreApellidoPaterno as nombreAp4_0_0_, this_.nombreApellidoMaterno as nombreAp5_0_0_, this_.nombrePosfijo as nombrePo6_0_0_, this_.nombreIniciales as nombreIn7_0_0_, this_.nombreUsuario as nombreUs8_0_0_, this_.claveAcceso as claveAcc9_0_0_ from Usuarios this_
Hibernate: select roles0_.idUsuario as idUsuario0_1_, roles0_.idRol as idRol1_, rol1_.idRol as idRol2_0_, rol1_.nombre as nombre2_0_, rol1_.descripcion as descripc3_2_0_ from UsuarioRol roles0_ inner join Roles rol1_ on roles0_.idRol=rol1_.idRol where roles0_.idUsuario=?
[SCEC] 2017-07-24 19:14:43,382 DEBUG edu.uag.iidis.scec.persistencia.hibernate.HibernateUtil.closeSession(204) : >closeSession()
[SCEC] 2017-07-24 19:14:43,382 DEBUG edu.uag.iidis.scec.persistencia.hibernate.HibernateUtil.closeSession(212) : -Cerrando la sesión local al thread.
[SCEC] 2017-07-24 19:14:43,397 DEBUG edu.uag.iidis.scec.persistencia.hibernate.HibernateUtil.beginTransaction(230) : >beginTransaction()
[SCEC] 2017-07-24 19:14:43,397 DEBUG edu.uag.iidis.scec.persistencia.hibernate.HibernateUtil.beginTransaction(237) : -Iniciando una nueva transacción de base de datos en este thread.
[SCEC] 2017-07-24 19:14:43,397 DEBUG edu.uag.iidis.scec.persistencia.hibernate.HibernateUtil.getSession(160) : >getSession()
[SCEC] 2017-07-24 19:14:43,397 DEBUG edu.uag.iidis.scec.persistencia.hibernate.HibernateUtil.getSession(167) : -Abriendo una nueva sesión para el thread.
[SCEC] 2017-07-24 19:14:43,397 DEBUG edu.uag.iidis.scec.persistencia.UsuarioDAO.hazPersistente(186) : >hazPersistente(usuario)
[SCEC] 2017-07-24 19:14:43,397 DEBUG edu.uag.iidis.scec.persistencia.hibernate.HibernateUtil.getSession(160) : >getSession()
Hibernate: select max(idUsuario) from Usuarios
[SCEC] 2017-07-24 19:14:43,413 DEBUG edu.uag.iidis.scec.persistencia.hibernate.HibernateUtil.commitTransaction(256) : >commitTransaction()
[SCEC] 2017-07-24 19:14:43,413 DEBUG edu.uag.iidis.scec.persistencia.hibernate.HibernateUtil.commitTransaction(264) : -Comprometiendo la transacción de este thread.
Hibernate: insert into Usuarios (nombrePrefijo, nombreNombre, nombreApellidoPaterno, nombreApellidoMaterno, nombrePosfijo, nombreIniciales, nombreUsuario, claveAcceso, idUsuario) values (?, ?, ?, ?, ?, ?, ?, ?, ?)
[SCEC] 2017-07-24 19:14:43,476 DEBUG edu.uag.iidis.scec.persistencia.UsuarioDAO.buscarPorNombreUsuario(63) : >buscarPorNombreUsuario(flyzx)
[SCEC] 2017-07-24 19:14:43,476 DEBUG edu.uag.iidis.scec.persistencia.hibernate.HibernateUtil.getSession(160) : >getSession()
Hibernate: select usuario0_.idUsuario as idUsuario0_, usuario0_.nombrePrefijo as nombrePr2_0_, usuario0_.nombreNombre as nombreNo3_0_, usuario0_.nombreApellidoPaterno as nombreAp4_0_, usuario0_.nombreApellidoMaterno as nombreAp5_0_, usuario0_.nombrePosfijo as nombrePo6_0_, usuario0_.nombreIniciales as nombreIn7_0_, usuario0_.nombreUsuario as nombreUs8_0_, usuario0_.claveAcceso as claveAcc9_0_ from Usuarios usuario0_ where usuario0_.nombreUsuario=?
[SCEC] 2017-07-24 19:14:43,585 DEBUG edu.uag.iidis.scec.persistencia.hibernate.HibernateUtil.beginTransaction(230) : >beginTransaction()
[SCEC] 2017-07-24 19:14:43,585 DEBUG edu.uag.iidis.scec.persistencia.hibernate.HibernateUtil.beginTransaction(237) : -Iniciando una nueva transacción de base de datos en este thread.
[SCEC] 2017-07-24 19:14:43,585 DEBUG edu.uag.iidis.scec.persistencia.hibernate.HibernateUtil.getSession(160) : >getSession()
[SCEC] 2017-07-24 19:14:43,585 DEBUG edu.uag.iidis.scec.persistencia.UsuarioDAO.buscarPorNombreUsuario(63) : >buscarPorNombreUsuario(flyzx)
[SCEC] 2017-07-24 19:14:43,585 DEBUG edu.uag.iidis.scec.persistencia.hibernate.HibernateUtil.getSession(160) : >getSession()
Hibernate: select usuario0_.idUsuario as idUsuario0_, usuario0_.nombrePrefijo as nombrePr2_0_, usuario0_.nombreNombre as nombreNo3_0_, usuario0_.nombreApellidoPaterno as nombreAp4_0_, usuario0_.nombreApellidoMaterno as nombreAp5_0_, usuario0_.nombrePosfijo as nombrePo6_0_, usuario0_.nombreIniciales as nombreIn7_0_, usuario0_.nombreUsuario as nombreUs8_0_, usuario0_.claveAcceso as claveAcc9_0_ from Usuarios usuario0_ where usuario0_.nombreUsuario=?
[SCEC] 2017-07-24 19:14:43,585 DEBUG edu.uag.iidis.scec.persistencia.UsuarioDAO.hazTransitorio(207) : >hazTransitorio(usuario)
[SCEC] 2017-07-24 19:14:43,585 DEBUG edu.uag.iidis.scec.persistencia.hibernate.HibernateUtil.getSession(160) : >getSession()
[SCEC] 2017-07-24 19:14:43,601 DEBUG edu.uag.iidis.scec.persistencia.hibernate.HibernateUtil.commitTransaction(256) : >commitTransaction()
[SCEC] 2017-07-24 19:14:43,601 DEBUG edu.uag.iidis.scec.persistencia.hibernate.HibernateUtil.commitTransaction(264) : -Comprometiendo la transacción de este thread.
Hibernate: delete from Usuarios where idUsuario=?
[SCEC] 2017-07-24 19:14:43,632 DEBUG edu.uag.iidis.scec.persistencia.hibernate.HibernateUtil.closeSession(204) : >closeSession()
[SCEC] 2017-07-24 19:14:43,632 DEBUG edu.uag.iidis.scec.persistencia.hibernate.HibernateUtil.closeSession(212) : -Cerrando la sesión local al thread.
[SCEC] 2017-07-24 19:14:43,632 DEBUG edu.uag.iidis.scec.persistencia.UsuarioDAO.buscarPorId(33) : >buscarPorID(1, false)
[SCEC] 2017-07-24 19:14:43,632 DEBUG edu.uag.iidis.scec.persistencia.hibernate.HibernateUtil.getSession(160) : >getSession()
[SCEC] 2017-07-24 19:14:43,632 DEBUG edu.uag.iidis.scec.persistencia.hibernate.HibernateUtil.getSession(167) : -Abriendo una nueva sesión para el thread.
Hibernate: select usuario0_.idUsuario as idUsuario0_0_, usuario0_.nombrePrefijo as nombrePr2_0_0_, usuario0_.nombreNombre as nombreNo3_0_0_, usuario0_.nombreApellidoPaterno as nombreAp4_0_0_, usuario0_.nombreApellidoMaterno as nombreAp5_0_0_, usuario0_.nombrePosfijo as nombrePo6_0_0_, usuario0_.nombreIniciales as nombreIn7_0_0_, usuario0_.nombreUsuario as nombreUs8_0_0_, usuario0_.claveAcceso as claveAcc9_0_0_ from Usuarios usuario0_ where usuario0_.idUsuario=?
Hibernate: select roles0_.idUsuario as idUsuario0_1_, roles0_.idRol as idRol1_, rol1_.idRol as idRol2_0_, rol1_.nombre as nombre2_0_, rol1_.descripcion as descripc3_2_0_ from UsuarioRol roles0_ inner join Roles rol1_ on roles0_.idRol=rol1_.idRol where roles0_.idUsuario=?
[SCEC] 2017-07-24 19:14:43,647 DEBUG edu.uag.iidis.scec.persistencia.hibernate.HibernateUtil.closeSession(204) : >closeSession()
[SCEC] 2017-07-24 19:14:43,647 DEBUG edu.uag.iidis.scec.persistencia.hibernate.HibernateUtil.closeSession(212) : -Cerrando la sesión local al thread.
[SCEC] 2017-07-24 19:14:43,694 DEBUG edu.uag.iidis.scec.persistencia.hibernate.HibernateUtil.beginTransaction(230) : >beginTransaction()
[SCEC] 2017-07-24 19:14:43,694 DEBUG edu.uag.iidis.scec.persistencia.hibernate.HibernateUtil.beginTransaction(237) : -Iniciando una nueva transacción de base de datos en este thread.
[SCEC] 2017-07-24 19:14:43,694 DEBUG edu.uag.iidis.scec.persistencia.hibernate.HibernateUtil.getSession(160) : >getSession()
[SCEC] 2017-07-24 19:14:43,694 DEBUG edu.uag.iidis.scec.persistencia.hibernate.HibernateUtil.getSession(167) : -Abriendo una nueva sesión para el thread.
[SCEC] 2017-07-24 19:14:43,694 DEBUG edu.uag.iidis.scec.persistencia.UsuarioDAO.hazPersistente(186) : >hazPersistente(usuario)
[SCEC] 2017-07-24 19:14:43,694 DEBUG edu.uag.iidis.scec.persistencia.hibernate.HibernateUtil.getSession(160) : >getSession()
[SCEC] 2017-07-24 19:14:43,694 DEBUG edu.uag.iidis.scec.persistencia.hibernate.HibernateUtil.commitTransaction(256) : >commitTransaction()
[SCEC] 2017-07-24 19:14:43,694 DEBUG edu.uag.iidis.scec.persistencia.hibernate.HibernateUtil.commitTransaction(264) : -Comprometiendo la transacción de este thread.
Hibernate: insert into Usuarios (nombrePrefijo, nombreNombre, nombreApellidoPaterno, nombreApellidoMaterno, nombrePosfijo, nombreIniciales, nombreUsuario, claveAcceso, idUsuario) values (?, ?, ?, ?, ?, ?, ?, ?, ?)
[SCEC] 2017-07-24 19:14:43,741 DEBUG edu.uag.iidis.scec.persistencia.hibernate.HibernateUtil.beginTransaction(230) : >beginTransaction()
[SCEC] 2017-07-24 19:14:43,741 DEBUG edu.uag.iidis.scec.persistencia.hibernate.HibernateUtil.beginTransaction(237) : -Iniciando una nueva transacción de base de datos en este thread.
[SCEC] 2017-07-24 19:14:43,741 DEBUG edu.uag.iidis.scec.persistencia.hibernate.HibernateUtil.getSession(160) : >getSession()
[SCEC] 2017-07-24 19:14:43,741 DEBUG edu.uag.iidis.scec.persistencia.UsuarioDAO.buscarPorNombreUsuario(63) : >buscarPorNombreUsuario(flyzx)
[SCEC] 2017-07-24 19:14:43,741 DEBUG edu.uag.iidis.scec.persistencia.hibernate.HibernateUtil.getSession(160) : >getSession()
Hibernate: select usuario0_.idUsuario as idUsuario0_, usuario0_.nombrePrefijo as nombrePr2_0_, usuario0_.nombreNombre as nombreNo3_0_, usuario0_.nombreApellidoPaterno as nombreAp4_0_, usuario0_.nombreApellidoMaterno as nombreAp5_0_, usuario0_.nombrePosfijo as nombrePo6_0_, usuario0_.nombreIniciales as nombreIn7_0_, usuario0_.nombreUsuario as nombreUs8_0_, usuario0_.claveAcceso as claveAcc9_0_ from Usuarios usuario0_ where usuario0_.nombreUsuario=?
[SCEC] 2017-07-24 19:14:43,757 DEBUG edu.uag.iidis.scec.persistencia.UsuarioDAO.hazTransitorio(207) : >hazTransitorio(usuario)
[SCEC] 2017-07-24 19:14:43,757 DEBUG edu.uag.iidis.scec.persistencia.hibernate.HibernateUtil.getSession(160) : >getSession()
[SCEC] 2017-07-24 19:14:43,757 DEBUG edu.uag.iidis.scec.persistencia.hibernate.HibernateUtil.commitTransaction(256) : >commitTransaction()
[SCEC] 2017-07-24 19:14:43,757 DEBUG edu.uag.iidis.scec.persistencia.hibernate.HibernateUtil.commitTransaction(264) : -Comprometiendo la transacción de este thread.
Hibernate: delete from Usuarios where idUsuario=?
[SCEC] 2017-07-24 19:14:43,819 DEBUG edu.uag.iidis.scec.persistencia.UsuarioDAO.buscarPorNombreUsuario(63) : >buscarPorNombreUsuario(flyzx)
[SCEC] 2017-07-24 19:14:43,819 DEBUG edu.uag.iidis.scec.persistencia.hibernate.HibernateUtil.getSession(160) : >getSession()
Hibernate: select usuario0_.idUsuario as idUsuario0_, usuario0_.nombrePrefijo as nombrePr2_0_, usuario0_.nombreNombre as nombreNo3_0_, usuario0_.nombreApellidoPaterno as nombreAp4_0_, usuario0_.nombreApellidoMaterno as nombreAp5_0_, usuario0_.nombrePosfijo as nombrePo6_0_, usuario0_.nombreIniciales as nombreIn7_0_, usuario0_.nombreUsuario as nombreUs8_0_, usuario0_.claveAcceso as claveAcc9_0_ from Usuarios usuario0_ where usuario0_.nombreUsuario=?
[SCEC] 2017-07-24 19:14:43,819 DEBUG edu.uag.iidis.scec.persistencia.UsuarioDAO.buscarPorNombreUsuario(79) : >buscarPorNombreUsuario(flyzx)
[SCEC] 2017-07-24 19:14:43,819 DEBUG edu.uag.iidis.scec.persistencia.hibernate.HibernateUtil.closeSession(204) : >closeSession()
[SCEC] 2017-07-24 19:14:43,819 DEBUG edu.uag.iidis.scec.persistencia.hibernate.HibernateUtil.closeSession(212) : -Cerrando la sesión local al thread.
[SCEC] 2017-07-24 19:14:43,819 DEBUG edu.uag.iidis.scec.persistencia.UsuarioDAO.buscarPorEjemplo(122) : >buscarPorEjemplo()
[SCEC] 2017-07-24 19:14:43,819 DEBUG edu.uag.iidis.scec.persistencia.hibernate.HibernateUtil.getSession(160) : >getSession()
[SCEC] 2017-07-24 19:14:43,819 DEBUG edu.uag.iidis.scec.persistencia.hibernate.HibernateUtil.getSession(167) : -Abriendo una nueva sesión para el thread.
Hibernate: select this_.idUsuario as idUsuario0_0_, this_.nombrePrefijo as nombrePr2_0_0_, this_.nombreNombre as nombreNo3_0_0_, this_.nombreApellidoPaterno as nombreAp4_0_0_, this_.nombreApellidoMaterno as nombreAp5_0_0_, this_.nombrePosfijo as nombrePo6_0_0_, this_.nombreIniciales as nombreIn7_0_0_, this_.nombreUsuario as nombreUs8_0_0_, this_.claveAcceso as claveAcc9_0_0_ from Usuarios this_ where (this_.nombreUsuario=?)
[SCEC] 2017-07-24 19:14:43,819 DEBUG edu.uag.iidis.scec.persistencia.hibernate.HibernateUtil.closeSession(204) : >closeSession()
[SCEC] 2017-07-24 19:14:43,819 DEBUG edu.uag.iidis.scec.persistencia.hibernate.HibernateUtil.closeSession(212) : -Cerrando la sesión local al thread.
[SCEC] 2017-07-24 19:14:43,819 DEBUG edu.uag.iidis.scec.persistencia.UsuarioDAO.buscarPorId(33) : >buscarPorID(1, false)
[SCEC] 2017-07-24 19:14:43,819 DEBUG edu.uag.iidis.scec.persistencia.hibernate.HibernateUtil.getSession(160) : >getSession()
[SCEC] 2017-07-24 19:14:43,819 DEBUG edu.uag.iidis.scec.persistencia.hibernate.HibernateUtil.getSession(167) : -Abriendo una nueva sesión para el thread.
Hibernate: select usuario0_.idUsuario as idUsuario0_0_, usuario0_.nombrePrefijo as nombrePr2_0_0_, usuario0_.nombreNombre as nombreNo3_0_0_, usuario0_.nombreApellidoPaterno as nombreAp4_0_0_, usuario0_.nombreApellidoMaterno as nombreAp5_0_0_, usuario0_.nombrePosfijo as nombrePo6_0_0_, usuario0_.nombreIniciales as nombreIn7_0_0_, usuario0_.nombreUsuario as nombreUs8_0_0_, usuario0_.claveAcceso as claveAcc9_0_0_ from Usuarios usuario0_ where usuario0_.idUsuario=?
Hibernate: select roles0_.idUsuario as idUsuario0_1_, roles0_.idRol as idRol1_, rol1_.idRol as idRol2_0_, rol1_.nombre as nombre2_0_, rol1_.descripcion as descripc3_2_0_ from UsuarioRol roles0_ inner join Roles rol1_ on roles0_.idRol=rol1_.idRol where roles0_.idUsuario=?
[SCEC] 2017-07-24 19:14:43,835 DEBUG edu.uag.iidis.scec.persistencia.hibernate.HibernateUtil.closeSession(204) : >closeSession()
[SCEC] 2017-07-24 19:14:43,835 DEBUG edu.uag.iidis.scec.persistencia.hibernate.HibernateUtil.closeSession(212) : -Cerrando la sesión local al thread.
[SCEC] 2017-07-24 19:14:43,835 DEBUG edu.uag.iidis.scec.persistencia.hibernate.HibernateUtil.beginTransaction(230) : >beginTransaction()
[SCEC] 2017-07-24 19:14:43,835 DEBUG edu.uag.iidis.scec.persistencia.hibernate.HibernateUtil.beginTransaction(237) : -Iniciando una nueva transacción de base de datos en este thread.
[SCEC] 2017-07-24 19:14:43,835 DEBUG edu.uag.iidis.scec.persistencia.hibernate.HibernateUtil.getSession(160) : >getSession()
[SCEC] 2017-07-24 19:14:43,835 DEBUG edu.uag.iidis.scec.persistencia.hibernate.HibernateUtil.getSession(167) : -Abriendo una nueva sesión para el thread.
[SCEC] 2017-07-24 19:14:43,835 DEBUG edu.uag.iidis.scec.persistencia.HotelDAO.hazPersistente(182) : >hazPersistente(hotel)
[SCEC] 2017-07-24 19:14:43,835 DEBUG edu.uag.iidis.scec.persistencia.hibernate.HibernateUtil.getSession(160) : >getSession()
Hibernate: select max(id) from Hoteles
[SCEC] 2017-07-24 19:14:43,851 DEBUG edu.uag.iidis.scec.persistencia.hibernate.HibernateUtil.commitTransaction(256) : >commitTransaction()
[SCEC] 2017-07-24 19:14:43,851 DEBUG edu.uag.iidis.scec.persistencia.hibernate.HibernateUtil.commitTransaction(264) : -Comprometiendo la transacción de este thread.
Hibernate: insert into Hoteles (Nombre, Descripcion, Precio, Horario, Estado, Imagen, Pais, Direccion, id) values (?, ?, ?, ?, ?, ?, ?, ?, ?)
[SCEC] 2017-07-24 19:14:43,901 DEBUG edu.uag.iidis.scec.persistencia.hibernate.HibernateUtil.beginTransaction(230) : >beginTransaction()
[SCEC] 2017-07-24 19:14:43,901 DEBUG edu.uag.iidis.scec.persistencia.hibernate.HibernateUtil.beginTransaction(237) : -Iniciando una nueva transacción de base de datos en este thread.
[SCEC] 2017-07-24 19:14:43,901 DEBUG edu.uag.iidis.scec.persistencia.hibernate.HibernateUtil.getSession(160) : >getSession()
[SCEC] 2017-07-24 19:14:43,901 DEBUG edu.uag.iidis.scec.persistencia.HotelDAO.buscarPorNombre(61) : >buscarPorNombre(CrearHotel)
[SCEC] 2017-07-24 19:14:43,901 DEBUG edu.uag.iidis.scec.persistencia.hibernate.HibernateUtil.getSession(160) : >getSession()
Hibernate: select hotel0_.id as id7_, hotel0_.Nombre as Nombre7_, hotel0_.Descripcion as Descripc3_7_, hotel0_.Precio as Precio7_, hotel0_.Horario as Horario7_, hotel0_.Estado as Estado7_, hotel0_.Imagen as Imagen7_, hotel0_.Pais as Pais7_, hotel0_.Direccion as Direccion7_ from Hoteles hotel0_ where hotel0_.Nombre=?
[SCEC] 2017-07-24 19:14:43,901 DEBUG edu.uag.iidis.scec.persistencia.hibernate.HibernateUtil.commitTransaction(256) : >commitTransaction()
[SCEC] 2017-07-24 19:14:43,901 DEBUG edu.uag.iidis.scec.persistencia.hibernate.HibernateUtil.commitTransaction(264) : -Comprometiendo la transacción de este thread.
[SCEC] 2017-07-24 19:14:43,901 DEBUG edu.uag.iidis.scec.persistencia.hibernate.HibernateUtil.beginTransaction(230) : >beginTransaction()
[SCEC] 2017-07-24 19:14:43,901 DEBUG edu.uag.iidis.scec.persistencia.hibernate.HibernateUtil.beginTransaction(237) : -Iniciando una nueva transacción de base de datos en este thread.
[SCEC] 2017-07-24 19:14:43,901 DEBUG edu.uag.iidis.scec.persistencia.hibernate.HibernateUtil.getSession(160) : >getSession()
[SCEC] 2017-07-24 19:14:43,901 DEBUG edu.uag.iidis.scec.persistencia.HotelDAO.buscarPorNombre(61) : >buscarPorNombre(CrearHotel)
[SCEC] 2017-07-24 19:14:43,901 DEBUG edu.uag.iidis.scec.persistencia.hibernate.HibernateUtil.getSession(160) : >getSession()
Hibernate: select hotel0_.id as id7_, hotel0_.Nombre as Nombre7_, hotel0_.Descripcion as Descripc3_7_, hotel0_.Precio as Precio7_, hotel0_.Horario as Horario7_, hotel0_.Estado as Estado7_, hotel0_.Imagen as Imagen7_, hotel0_.Pais as Pais7_, hotel0_.Direccion as Direccion7_ from Hoteles hotel0_ where hotel0_.Nombre=?
[SCEC] 2017-07-24 19:14:43,917 DEBUG edu.uag.iidis.scec.persistencia.HotelDAO.hazTransitorio(200) : >hazTransitorio(hotel)
[SCEC] 2017-07-24 19:14:43,917 DEBUG edu.uag.iidis.scec.persistencia.hibernate.HibernateUtil.getSession(160) : >getSession()
[SCEC] 2017-07-24 19:14:43,917 DEBUG edu.uag.iidis.scec.persistencia.hibernate.HibernateUtil.commitTransaction(256) : >commitTransaction()
[SCEC] 2017-07-24 19:14:43,917 DEBUG edu.uag.iidis.scec.persistencia.hibernate.HibernateUtil.commitTransaction(264) : -Comprometiendo la transacción de este thread.
Hibernate: delete from Hoteles where id=?
[SCEC] 2017-07-24 19:14:43,979 DEBUG edu.uag.iidis.scec.persistencia.hibernate.HibernateUtil.closeSession(204) : >closeSession()
[SCEC] 2017-07-24 19:14:43,979 DEBUG edu.uag.iidis.scec.persistencia.hibernate.HibernateUtil.closeSession(212) : -Cerrando la sesión local al thread.
[SCEC] 2017-07-24 19:14:43,979 DEBUG edu.uag.iidis.scec.persistencia.hibernate.HibernateUtil.beginTransaction(230) : >beginTransaction()
[SCEC] 2017-07-24 19:14:43,979 DEBUG edu.uag.iidis.scec.persistencia.hibernate.HibernateUtil.beginTransaction(237) : -Iniciando una nueva transacción de base de datos en este thread.
[SCEC] 2017-07-24 19:14:43,979 DEBUG edu.uag.iidis.scec.persistencia.hibernate.HibernateUtil.getSession(160) : >getSession()
[SCEC] 2017-07-24 19:14:43,979 DEBUG edu.uag.iidis.scec.persistencia.hibernate.HibernateUtil.getSession(167) : -Abriendo una nueva sesión para el thread.
[SCEC] 2017-07-24 19:14:43,979 DEBUG edu.uag.iidis.scec.persistencia.HotelDAO.hazPersistente(182) : >hazPersistente(hotel)
[SCEC] 2017-07-24 19:14:43,979 DEBUG edu.uag.iidis.scec.persistencia.hibernate.HibernateUtil.getSession(160) : >getSession()
[SCEC] 2017-07-24 19:14:43,979 DEBUG edu.uag.iidis.scec.persistencia.hibernate.HibernateUtil.commitTransaction(256) : >commitTransaction()
[SCEC] 2017-07-24 19:14:43,979 DEBUG edu.uag.iidis.scec.persistencia.hibernate.HibernateUtil.commitTransaction(264) : -Comprometiendo la transacción de este thread.
Hibernate: insert into Hoteles (Nombre, Descripcion, Precio, Horario, Estado, Imagen, Pais, Direccion, id) values (?, ?, ?, ?, ?, ?, ?, ?, ?)
[SCEC] 2017-07-24 19:14:44,011 DEBUG edu.uag.iidis.scec.persistencia.hibernate.HibernateUtil.beginTransaction(230) : >beginTransaction()
[SCEC] 2017-07-24 19:14:44,011 DEBUG edu.uag.iidis.scec.persistencia.hibernate.HibernateUtil.beginTransaction(237) : -Iniciando una nueva transacción de base de datos en este thread.
[SCEC] 2017-07-24 19:14:44,011 DEBUG edu.uag.iidis.scec.persistencia.hibernate.HibernateUtil.getSession(160) : >getSession()
[SCEC] 2017-07-24 19:14:44,011 DEBUG edu.uag.iidis.scec.persistencia.HotelDAO.buscarTodos(134) : >buscarTodos()
[SCEC] 2017-07-24 19:14:44,011 DEBUG edu.uag.iidis.scec.persistencia.hibernate.HibernateUtil.getSession(160) : >getSession()
Hibernate: select this_.id as id7_0_, this_.Nombre as Nombre7_0_, this_.Descripcion as Descripc3_7_0_, this_.Precio as Precio7_0_, this_.Horario as Horario7_0_, this_.Estado as Estado7_0_, this_.Imagen as Imagen7_0_, this_.Pais as Pais7_0_, this_.Direccion as Direccion7_0_ from Hoteles this_
[SCEC] 2017-07-24 19:14:44,013 DEBUG edu.uag.iidis.scec.persistencia.HotelDAO.buscarTodos(142) : >buscarTodos() ---- list   5
[SCEC] 2017-07-24 19:14:44,018 DEBUG edu.uag.iidis.scec.persistencia.HotelDAO.buscarTodos(143) : >buscarTodos() ---- contenido   [edu.uag.iidis.scec.modelo.Hotel@419a20a6[
  id=1
  nombre=asdf
  descripcion=asf
  precio=
  horario=
  estado=dasf
  imagen=nagato.png
  pais=mexico
  direccion=asdfasdf
], edu.uag.iidis.scec.modelo.Hotel@533377b[
  id=2
  nombre=fasdfasdf
  descripcion=vxczv
  precio=
  horario=
  estado=zcv
  imagen=schendule.PNG
  pais=
  direccion=
], edu.uag.iidis.scec.modelo.Hotel@3383649e[
  id=3
  nombre=ggggggggggg
  descripcion=gggggggggggg
  precio=7
  horario=43
  estado=v
  imagen=HD-Flat-Design-Wallpapers-Download.jpg
  pais=f
  direccion=adsfadsff
], edu.uag.iidis.scec.modelo.Hotel@10fde30a[
  id=4
  nombre=
  descripcion=
  precio=
  horario=
  estado=
  imagen=hotel001.jpg
  pais=
  direccion=
], edu.uag.iidis.scec.modelo.Hotel@1ddae9b5[
  id=6
  nombre=BuscarTodo
  descripcion=012
  precio=012
  horario=012
  estado=012
  imagen=012
  pais=012
  direccion=012
]]
[SCEC] 2017-07-24 19:14:44,019 DEBUG edu.uag.iidis.scec.persistencia.hibernate.HibernateUtil.commitTransaction(256) : >commitTransaction()
[SCEC] 2017-07-24 19:14:44,019 DEBUG edu.uag.iidis.scec.persistencia.hibernate.HibernateUtil.commitTransaction(264) : -Comprometiendo la transacción de este thread.
[SCEC] 2017-07-24 19:14:44,019 DEBUG edu.uag.iidis.scec.persistencia.hibernate.HibernateUtil.beginTransaction(230) : >beginTransaction()
[SCEC] 2017-07-24 19:14:44,020 DEBUG edu.uag.iidis.scec.persistencia.hibernate.HibernateUtil.beginTransaction(237) : -Iniciando una nueva transacción de base de datos en este thread.
[SCEC] 2017-07-24 19:14:44,020 DEBUG edu.uag.iidis.scec.persistencia.hibernate.HibernateUtil.getSession(160) : >getSession()
[SCEC] 2017-07-24 19:14:44,020 DEBUG edu.uag.iidis.scec.persistencia.HotelDAO.buscarPorNombre(61) : >buscarPorNombre(BuscarTodo)
[SCEC] 2017-07-24 19:14:44,020 DEBUG edu.uag.iidis.scec.persistencia.hibernate.HibernateUtil.getSession(160) : >getSession()
Hibernate: select hotel0_.id as id7_, hotel0_.Nombre as Nombre7_, hotel0_.Descripcion as Descripc3_7_, hotel0_.Precio as Precio7_, hotel0_.Horario as Horario7_, hotel0_.Estado as Estado7_, hotel0_.Imagen as Imagen7_, hotel0_.Pais as Pais7_, hotel0_.Direccion as Direccion7_ from Hoteles hotel0_ where hotel0_.Nombre=?
[SCEC] 2017-07-24 19:14:44,057 DEBUG edu.uag.iidis.scec.persistencia.HotelDAO.hazTransitorio(200) : >hazTransitorio(hotel)
[SCEC] 2017-07-24 19:14:44,057 DEBUG edu.uag.iidis.scec.persistencia.hibernate.HibernateUtil.getSession(160) : >getSession()
[SCEC] 2017-07-24 19:14:44,057 DEBUG edu.uag.iidis.scec.persistencia.hibernate.HibernateUtil.commitTransaction(256) : >commitTransaction()
[SCEC] 2017-07-24 19:14:44,057 DEBUG edu.uag.iidis.scec.persistencia.hibernate.HibernateUtil.commitTransaction(264) : -Comprometiendo la transacción de este thread.
Hibernate: delete from Hoteles where id=?
[SCEC] 2017-07-24 19:14:44,073 DEBUG edu.uag.iidis.scec.persistencia.hibernate.HibernateUtil.closeSession(204) : >closeSession()
[SCEC] 2017-07-24 19:14:44,073 DEBUG edu.uag.iidis.scec.persistencia.hibernate.HibernateUtil.closeSession(212) : -Cerrando la sesión local al thread.
[SCEC] 2017-07-24 19:14:44,073 DEBUG edu.uag.iidis.scec.persistencia.hibernate.HibernateUtil.beginTransaction(230) : >beginTransaction()
[SCEC] 2017-07-24 19:14:44,073 DEBUG edu.uag.iidis.scec.persistencia.hibernate.HibernateUtil.beginTransaction(237) : -Iniciando una nueva transacción de base de datos en este thread.
[SCEC] 2017-07-24 19:14:44,073 DEBUG edu.uag.iidis.scec.persistencia.hibernate.HibernateUtil.getSession(160) : >getSession()
[SCEC] 2017-07-24 19:14:44,073 DEBUG edu.uag.iidis.scec.persistencia.hibernate.HibernateUtil.getSession(167) : -Abriendo una nueva sesión para el thread.
[SCEC] 2017-07-24 19:14:44,073 DEBUG edu.uag.iidis.scec.persistencia.HotelDAO.hazPersistente(182) : >hazPersistente(hotel)
[SCEC] 2017-07-24 19:14:44,073 DEBUG edu.uag.iidis.scec.persistencia.hibernate.HibernateUtil.getSession(160) : >getSession()
[SCEC] 2017-07-24 19:14:44,073 DEBUG edu.uag.iidis.scec.persistencia.hibernate.HibernateUtil.commitTransaction(256) : >commitTransaction()
[SCEC] 2017-07-24 19:14:44,073 DEBUG edu.uag.iidis.scec.persistencia.hibernate.HibernateUtil.commitTransaction(264) : -Comprometiendo la transacción de este thread.
Hibernate: insert into Hoteles (Nombre, Descripcion, Precio, Horario, Estado, Imagen, Pais, Direccion, id) values (?, ?, ?, ?, ?, ?, ?, ?, ?)
[SCEC] 2017-07-24 19:14:44,089 DEBUG edu.uag.iidis.scec.persistencia.hibernate.HibernateUtil.beginTransaction(230) : >beginTransaction()
[SCEC] 2017-07-24 19:14:44,089 DEBUG edu.uag.iidis.scec.persistencia.hibernate.HibernateUtil.beginTransaction(237) : -Iniciando una nueva transacción de base de datos en este thread.
[SCEC] 2017-07-24 19:14:44,089 DEBUG edu.uag.iidis.scec.persistencia.hibernate.HibernateUtil.getSession(160) : >getSession()
[SCEC] 2017-07-24 19:14:44,089 DEBUG edu.uag.iidis.scec.persistencia.HotelDAO.existeHotel(217) : >existeRol(nombreRol)
[SCEC] 2017-07-24 19:14:44,089 DEBUG edu.uag.iidis.scec.persistencia.HotelDAO.existeHotel(238) : select nombre from Hotel where nombre = :nombreExiste Hotel
[SCEC] 2017-07-24 19:14:44,089 DEBUG edu.uag.iidis.scec.persistencia.hibernate.HibernateUtil.getSession(160) : >getSession()
[SCEC] 2017-07-24 19:14:44,089 DEBUG edu.uag.iidis.scec.persistencia.HotelDAO.existeHotel(244) : <<<<<<<<< create query ok 
[SCEC] 2017-07-24 19:14:44,089 DEBUG edu.uag.iidis.scec.persistencia.HotelDAO.existeHotel(249) : <<<<<<<<< set Parameter ok antes del query list >>>>>
Hibernate: select hotel0_.Nombre as col_0_0_ from Hoteles hotel0_ where hotel0_.Nombre=?
[SCEC] 2017-07-24 19:14:44,104 DEBUG edu.uag.iidis.scec.persistencia.HotelDAO.existeHotel(254) : <<<<<<<<< Result size 1
[SCEC] 2017-07-24 19:14:44,104 DEBUG edu.uag.iidis.scec.persistencia.hibernate.HibernateUtil.commitTransaction(256) : >commitTransaction()
[SCEC] 2017-07-24 19:14:44,104 DEBUG edu.uag.iidis.scec.persistencia.hibernate.HibernateUtil.commitTransaction(264) : -Comprometiendo la transacción de este thread.
[SCEC] 2017-07-24 19:14:44,104 DEBUG edu.uag.iidis.scec.persistencia.hibernate.HibernateUtil.beginTransaction(230) : >beginTransaction()
[SCEC] 2017-07-24 19:14:44,104 DEBUG edu.uag.iidis.scec.persistencia.hibernate.HibernateUtil.beginTransaction(237) : -Iniciando una nueva transacción de base de datos en este thread.
[SCEC] 2017-07-24 19:14:44,104 DEBUG edu.uag.iidis.scec.persistencia.hibernate.HibernateUtil.getSession(160) : >getSession()
[SCEC] 2017-07-24 19:14:44,104 DEBUG edu.uag.iidis.scec.persistencia.HotelDAO.buscarPorNombre(61) : >buscarPorNombre(Existe Hotel)
[SCEC] 2017-07-24 19:14:44,104 DEBUG edu.uag.iidis.scec.persistencia.hibernate.HibernateUtil.getSession(160) : >getSession()
Hibernate: select hotel0_.id as id7_, hotel0_.Nombre as Nombre7_, hotel0_.Descripcion as Descripc3_7_, hotel0_.Precio as Precio7_, hotel0_.Horario as Horario7_, hotel0_.Estado as Estado7_, hotel0_.Imagen as Imagen7_, hotel0_.Pais as Pais7_, hotel0_.Direccion as Direccion7_ from Hoteles hotel0_ where hotel0_.Nombre=?
[SCEC] 2017-07-24 19:14:44,104 DEBUG edu.uag.iidis.scec.persistencia.HotelDAO.hazTransitorio(200) : >hazTransitorio(hotel)
[SCEC] 2017-07-24 19:14:44,104 DEBUG edu.uag.iidis.scec.persistencia.hibernate.HibernateUtil.getSession(160) : >getSession()
[SCEC] 2017-07-24 19:14:44,104 DEBUG edu.uag.iidis.scec.persistencia.hibernate.HibernateUtil.commitTransaction(256) : >commitTransaction()
[SCEC] 2017-07-24 19:14:44,104 DEBUG edu.uag.iidis.scec.persistencia.hibernate.HibernateUtil.commitTransaction(264) : -Comprometiendo la transacción de este thread.
Hibernate: delete from Hoteles where id=?
[SCEC] 2017-07-24 19:14:44,120 DEBUG edu.uag.iidis.scec.persistencia.hibernate.HibernateUtil.closeSession(204) : >closeSession()
[SCEC] 2017-07-24 19:14:44,120 DEBUG edu.uag.iidis.scec.persistencia.hibernate.HibernateUtil.closeSession(212) : -Cerrando la sesión local al thread.
[SCEC] 2017-07-24 19:14:44,120 DEBUG edu.uag.iidis.scec.persistencia.hibernate.HibernateUtil.beginTransaction(230) : >beginTransaction()
[SCEC] 2017-07-24 19:14:44,120 DEBUG edu.uag.iidis.scec.persistencia.hibernate.HibernateUtil.beginTransaction(237) : -Iniciando una nueva transacción de base de datos en este thread.
[SCEC] 2017-07-24 19:14:44,120 DEBUG edu.uag.iidis.scec.persistencia.hibernate.HibernateUtil.getSession(160) : >getSession()
[SCEC] 2017-07-24 19:14:44,120 DEBUG edu.uag.iidis.scec.persistencia.hibernate.HibernateUtil.getSession(167) : -Abriendo una nueva sesión para el thread.
[SCEC] 2017-07-24 19:14:44,120 DEBUG edu.uag.iidis.scec.persistencia.HotelDAO.hazPersistente(182) : >hazPersistente(hotel)
[SCEC] 2017-07-24 19:14:44,120 DEBUG edu.uag.iidis.scec.persistencia.hibernate.HibernateUtil.getSession(160) : >getSession()
[SCEC] 2017-07-24 19:14:44,120 DEBUG edu.uag.iidis.scec.persistencia.hibernate.HibernateUtil.commitTransaction(256) : >commitTransaction()
[SCEC] 2017-07-24 19:14:44,120 DEBUG edu.uag.iidis.scec.persistencia.hibernate.HibernateUtil.commitTransaction(264) : -Comprometiendo la transacción de este thread.
Hibernate: insert into Hoteles (Nombre, Descripcion, Precio, Horario, Estado, Imagen, Pais, Direccion, id) values (?, ?, ?, ?, ?, ?, ?, ?, ?)
[SCEC] 2017-07-24 19:14:44,151 DEBUG edu.uag.iidis.scec.persistencia.hibernate.HibernateUtil.beginTransaction(230) : >beginTransaction()
[SCEC] 2017-07-24 19:14:44,151 DEBUG edu.uag.iidis.scec.persistencia.hibernate.HibernateUtil.beginTransaction(237) : -Iniciando una nueva transacción de base de datos en este thread.
[SCEC] 2017-07-24 19:14:44,151 DEBUG edu.uag.iidis.scec.persistencia.hibernate.HibernateUtil.getSession(160) : >getSession()
[SCEC] 2017-07-24 19:14:44,151 DEBUG edu.uag.iidis.scec.persistencia.HotelDAO.existeHotel(217) : >existeRol(nombreRol)
[SCEC] 2017-07-24 19:14:44,151 DEBUG edu.uag.iidis.scec.persistencia.HotelDAO.existeHotel(238) : select nombre from Hotel where nombre = :nombreExisteHotel2
[SCEC] 2017-07-24 19:14:44,151 DEBUG edu.uag.iidis.scec.persistencia.hibernate.HibernateUtil.getSession(160) : >getSession()
[SCEC] 2017-07-24 19:14:44,151 DEBUG edu.uag.iidis.scec.persistencia.HotelDAO.existeHotel(244) : <<<<<<<<< create query ok 
[SCEC] 2017-07-24 19:14:44,151 DEBUG edu.uag.iidis.scec.persistencia.HotelDAO.existeHotel(249) : <<<<<<<<< set Parameter ok antes del query list >>>>>
Hibernate: select hotel0_.Nombre as col_0_0_ from Hoteles hotel0_ where hotel0_.Nombre=?
[SCEC] 2017-07-24 19:14:44,151 DEBUG edu.uag.iidis.scec.persistencia.HotelDAO.existeHotel(254) : <<<<<<<<< Result size 0
[SCEC] 2017-07-24 19:14:44,151 DEBUG edu.uag.iidis.scec.persistencia.hibernate.HibernateUtil.commitTransaction(256) : >commitTransaction()
[SCEC] 2017-07-24 19:14:44,151 DEBUG edu.uag.iidis.scec.persistencia.hibernate.HibernateUtil.commitTransaction(264) : -Comprometiendo la transacción de este thread.
[SCEC] 2017-07-24 19:14:44,151 DEBUG edu.uag.iidis.scec.persistencia.hibernate.HibernateUtil.beginTransaction(230) : >beginTransaction()
[SCEC] 2017-07-24 19:14:44,151 DEBUG edu.uag.iidis.scec.persistencia.hibernate.HibernateUtil.beginTransaction(237) : -Iniciando una nueva transacción de base de datos en este thread.
[SCEC] 2017-07-24 19:14:44,151 DEBUG edu.uag.iidis.scec.persistencia.hibernate.HibernateUtil.getSession(160) : >getSession()
[SCEC] 2017-07-24 19:14:44,151 DEBUG edu.uag.iidis.scec.persistencia.HotelDAO.buscarPorNombre(61) : >buscarPorNombre(ExisteHotel)
[SCEC] 2017-07-24 19:14:44,151 DEBUG edu.uag.iidis.scec.persistencia.hibernate.HibernateUtil.getSession(160) : >getSession()
Hibernate: select hotel0_.id as id7_, hotel0_.Nombre as Nombre7_, hotel0_.Descripcion as Descripc3_7_, hotel0_.Precio as Precio7_, hotel0_.Horario as Horario7_, hotel0_.Estado as Estado7_, hotel0_.Imagen as Imagen7_, hotel0_.Pais as Pais7_, hotel0_.Direccion as Direccion7_ from Hoteles hotel0_ where hotel0_.Nombre=?
[SCEC] 2017-07-24 19:14:44,151 DEBUG edu.uag.iidis.scec.persistencia.HotelDAO.hazTransitorio(200) : >hazTransitorio(hotel)
[SCEC] 2017-07-24 19:14:44,151 DEBUG edu.uag.iidis.scec.persistencia.hibernate.HibernateUtil.getSession(160) : >getSession()
[SCEC] 2017-07-24 19:14:44,151 DEBUG edu.uag.iidis.scec.persistencia.hibernate.HibernateUtil.commitTransaction(256) : >commitTransaction()
[SCEC] 2017-07-24 19:14:44,151 DEBUG edu.uag.iidis.scec.persistencia.hibernate.HibernateUtil.commitTransaction(264) : -Comprometiendo la transacción de este thread.
Hibernate: delete from Hoteles where id=?
[SCEC] 2017-07-24 19:14:44,198 DEBUG edu.uag.iidis.scec.persistencia.hibernate.HibernateUtil.closeSession(204) : >closeSession()
[SCEC] 2017-07-24 19:14:44,198 DEBUG edu.uag.iidis.scec.persistencia.hibernate.HibernateUtil.closeSession(212) : -Cerrando la sesión local al thread.
[SCEC] 2017-07-24 19:14:44,198 DEBUG edu.uag.iidis.scec.persistencia.hibernate.HibernateUtil.beginTransaction(230) : >beginTransaction()
[SCEC] 2017-07-24 19:14:44,198 DEBUG edu.uag.iidis.scec.persistencia.hibernate.HibernateUtil.beginTransaction(237) : -Iniciando una nueva transacción de base de datos en este thread.
[SCEC] 2017-07-24 19:14:44,198 DEBUG edu.uag.iidis.scec.persistencia.hibernate.HibernateUtil.getSession(160) : >getSession()
[SCEC] 2017-07-24 19:14:44,198 DEBUG edu.uag.iidis.scec.persistencia.hibernate.HibernateUtil.getSession(167) : -Abriendo una nueva sesión para el thread.
[SCEC] 2017-07-24 19:14:44,198 DEBUG edu.uag.iidis.scec.persistencia.HotelDAO.hazPersistente(182) : >hazPersistente(hotel)
[SCEC] 2017-07-24 19:14:44,198 DEBUG edu.uag.iidis.scec.persistencia.hibernate.HibernateUtil.getSession(160) : >getSession()
[SCEC] 2017-07-24 19:14:44,198 DEBUG edu.uag.iidis.scec.persistencia.hibernate.HibernateUtil.commitTransaction(256) : >commitTransaction()
[SCEC] 2017-07-24 19:14:44,198 DEBUG edu.uag.iidis.scec.persistencia.hibernate.HibernateUtil.commitTransaction(264) : -Comprometiendo la transacción de este thread.
Hibernate: insert into Hoteles (Nombre, Descripcion, Precio, Horario, Estado, Imagen, Pais, Direccion, id) values (?, ?, ?, ?, ?, ?, ?, ?, ?)
[SCEC] 2017-07-24 19:14:44,229 DEBUG edu.uag.iidis.scec.persistencia.hibernate.HibernateUtil.beginTransaction(230) : >beginTransaction()
[SCEC] 2017-07-24 19:14:44,229 DEBUG edu.uag.iidis.scec.persistencia.hibernate.HibernateUtil.beginTransaction(237) : -Iniciando una nueva transacción de base de datos en este thread.
[SCEC] 2017-07-24 19:14:44,229 DEBUG edu.uag.iidis.scec.persistencia.hibernate.HibernateUtil.getSession(160) : >getSession()
[SCEC] 2017-07-24 19:14:44,229 DEBUG edu.uag.iidis.scec.persistencia.HotelDAO.ordenarHotelesPor(96) : >buscarTodos()
[SCEC] 2017-07-24 19:14:44,229 DEBUG edu.uag.iidis.scec.persistencia.HotelDAO.ordenarHotelesPor(103) : from Hotel ORDER BY nombre
[SCEC] 2017-07-24 19:14:44,229 DEBUG edu.uag.iidis.scec.persistencia.hibernate.HibernateUtil.getSession(160) : >getSession()
Hibernate: select hotel0_.id as id7_, hotel0_.Nombre as Nombre7_, hotel0_.Descripcion as Descripc3_7_, hotel0_.Precio as Precio7_, hotel0_.Horario as Horario7_, hotel0_.Estado as Estado7_, hotel0_.Imagen as Imagen7_, hotel0_.Pais as Pais7_, hotel0_.Direccion as Direccion7_ from Hoteles hotel0_ order by hotel0_.Nombre
[SCEC] 2017-07-24 19:14:44,245 DEBUG edu.uag.iidis.scec.persistencia.HotelDAO.ordenarHotelesPor(109) : <<<<<<<<< create query ok 
[SCEC] 2017-07-24 19:14:44,245 DEBUG edu.uag.iidis.scec.persistencia.HotelDAO.ordenarHotelesPor(115) : >buscarTodos() ---- list   5
[SCEC] 2017-07-24 19:14:44,245 DEBUG edu.uag.iidis.scec.persistencia.HotelDAO.ordenarHotelesPor(116) : >buscarTodos() ---- contenido   [edu.uag.iidis.scec.modelo.Hotel@6d366c9b[
  id=4
  nombre=
  descripcion=
  precio=
  horario=
  estado=
  imagen=hotel001.jpg
  pais=
  direccion=
], edu.uag.iidis.scec.modelo.Hotel@24faea88[
  id=1
  nombre=asdf
  descripcion=asf
  precio=
  horario=
  estado=dasf
  imagen=nagato.png
  pais=mexico
  direccion=asdfasdf
], edu.uag.iidis.scec.modelo.Hotel@3a320ade[
  id=2
  nombre=fasdfasdf
  descripcion=vxczv
  precio=
  horario=
  estado=zcv
  imagen=schendule.PNG
  pais=
  direccion=
], edu.uag.iidis.scec.modelo.Hotel@64beebb7[
  id=3
  nombre=ggggggggggg
  descripcion=gggggggggggg
  precio=7
  horario=43
  estado=v
  imagen=HD-Flat-Design-Wallpapers-Download.jpg
  pais=f
  direccion=adsfadsff
], edu.uag.iidis.scec.modelo.Hotel@62e70ea3[
  id=9
  nombre=OrdenarHotel
  descripcion=012
  precio=012
  horario=012
  estado=012
  imagen=012
  pais=012
  direccion=012
]]
[SCEC] 2017-07-24 19:14:44,245 DEBUG edu.uag.iidis.scec.persistencia.hibernate.HibernateUtil.commitTransaction(256) : >commitTransaction()
[SCEC] 2017-07-24 19:14:44,245 DEBUG edu.uag.iidis.scec.persistencia.hibernate.HibernateUtil.commitTransaction(264) : -Comprometiendo la transacción de este thread.
[SCEC] 2017-07-24 19:14:44,245 DEBUG edu.uag.iidis.scec.persistencia.hibernate.HibernateUtil.beginTransaction(230) : >beginTransaction()
[SCEC] 2017-07-24 19:14:44,245 DEBUG edu.uag.iidis.scec.persistencia.hibernate.HibernateUtil.beginTransaction(237) : -Iniciando una nueva transacción de base de datos en este thread.
[SCEC] 2017-07-24 19:14:44,245 DEBUG edu.uag.iidis.scec.persistencia.hibernate.HibernateUtil.getSession(160) : >getSession()
[SCEC] 2017-07-24 19:14:44,245 DEBUG edu.uag.iidis.scec.persistencia.HotelDAO.buscarPorNombre(61) : >buscarPorNombre(OrdenarHotel)
[SCEC] 2017-07-24 19:14:44,245 DEBUG edu.uag.iidis.scec.persistencia.hibernate.HibernateUtil.getSession(160) : >getSession()
Hibernate: select hotel0_.id as id7_, hotel0_.Nombre as Nombre7_, hotel0_.Descripcion as Descripc3_7_, hotel0_.Precio as Precio7_, hotel0_.Horario as Horario7_, hotel0_.Estado as Estado7_, hotel0_.Imagen as Imagen7_, hotel0_.Pais as Pais7_, hotel0_.Direccion as Direccion7_ from Hoteles hotel0_ where hotel0_.Nombre=?
[SCEC] 2017-07-24 19:14:44,245 DEBUG edu.uag.iidis.scec.persistencia.HotelDAO.hazTransitorio(200) : >hazTransitorio(hotel)
[SCEC] 2017-07-24 19:14:44,245 DEBUG edu.uag.iidis.scec.persistencia.hibernate.HibernateUtil.getSession(160) : >getSession()
[SCEC] 2017-07-24 19:14:44,245 DEBUG edu.uag.iidis.scec.persistencia.hibernate.HibernateUtil.commitTransaction(256) : >commitTransaction()
[SCEC] 2017-07-24 19:14:44,245 DEBUG edu.uag.iidis.scec.persistencia.hibernate.HibernateUtil.commitTransaction(264) : -Comprometiendo la transacción de este thread.
Hibernate: delete from Hoteles where id=?
[SCEC] 2017-07-24 19:14:44,276 DEBUG edu.uag.iidis.scec.persistencia.hibernate.HibernateUtil.closeSession(204) : >closeSession()
[SCEC] 2017-07-24 19:14:44,276 DEBUG edu.uag.iidis.scec.persistencia.hibernate.HibernateUtil.closeSession(212) : -Cerrando la sesión local al thread.
[SCEC] 2017-07-24 19:14:44,276 DEBUG edu.uag.iidis.scec.persistencia.hibernate.HibernateUtil.beginTransaction(230) : >beginTransaction()
[SCEC] 2017-07-24 19:14:44,276 DEBUG edu.uag.iidis.scec.persistencia.hibernate.HibernateUtil.beginTransaction(237) : -Iniciando una nueva transacción de base de datos en este thread.
[SCEC] 2017-07-24 19:14:44,276 DEBUG edu.uag.iidis.scec.persistencia.hibernate.HibernateUtil.getSession(160) : >getSession()
[SCEC] 2017-07-24 19:14:44,276 DEBUG edu.uag.iidis.scec.persistencia.hibernate.HibernateUtil.getSession(167) : -Abriendo una nueva sesión para el thread.
[SCEC] 2017-07-24 19:14:44,276 DEBUG edu.uag.iidis.scec.persistencia.HotelDAO.hazPersistente(182) : >hazPersistente(hotel)
[SCEC] 2017-07-24 19:14:44,276 DEBUG edu.uag.iidis.scec.persistencia.hibernate.HibernateUtil.getSession(160) : >getSession()
[SCEC] 2017-07-24 19:14:44,276 DEBUG edu.uag.iidis.scec.persistencia.hibernate.HibernateUtil.commitTransaction(256) : >commitTransaction()
[SCEC] 2017-07-24 19:14:44,276 DEBUG edu.uag.iidis.scec.persistencia.hibernate.HibernateUtil.commitTransaction(264) : -Comprometiendo la transacción de este thread.
Hibernate: insert into Hoteles (Nombre, Descripcion, Precio, Horario, Estado, Imagen, Pais, Direccion, id) values (?, ?, ?, ?, ?, ?, ?, ?, ?)
[SCEC] 2017-07-24 19:14:44,339 DEBUG edu.uag.iidis.scec.persistencia.hibernate.HibernateUtil.beginTransaction(230) : >beginTransaction()
[SCEC] 2017-07-24 19:14:44,339 DEBUG edu.uag.iidis.scec.persistencia.hibernate.HibernateUtil.beginTransaction(237) : -Iniciando una nueva transacción de base de datos en este thread.
[SCEC] 2017-07-24 19:14:44,339 DEBUG edu.uag.iidis.scec.persistencia.hibernate.HibernateUtil.getSession(160) : >getSession()
[SCEC] 2017-07-24 19:14:44,339 DEBUG edu.uag.iidis.scec.persistencia.HotelDAO.buscarPorNombre(61) : >buscarPorNombre(ActualizaHotel)
[SCEC] 2017-07-24 19:14:44,339 DEBUG edu.uag.iidis.scec.persistencia.hibernate.HibernateUtil.getSession(160) : >getSession()
Hibernate: select hotel0_.id as id7_, hotel0_.Nombre as Nombre7_, hotel0_.Descripcion as Descripc3_7_, hotel0_.Precio as Precio7_, hotel0_.Horario as Horario7_, hotel0_.Estado as Estado7_, hotel0_.Imagen as Imagen7_, hotel0_.Pais as Pais7_, hotel0_.Direccion as Direccion7_ from Hoteles hotel0_ where hotel0_.Nombre=?
[SCEC] 2017-07-24 19:14:44,339 DEBUG edu.uag.iidis.scec.persistencia.HotelDAO.modificar(276) : >modificar(estado)
edu.uag.iidis.scec.modelo.Hotel@29ef6856[
  id=10
  nombre=ActualizaHotel
  descripcion=012
  precio=012
  horario=012
  estado=012
  imagen=012
  pais=012
  direccion=012
]
[SCEC] 2017-07-24 19:14:44,339 DEBUG edu.uag.iidis.scec.persistencia.hibernate.HibernateUtil.getSession(160) : >getSession()
[SCEC] 2017-07-24 19:14:44,339 DEBUG edu.uag.iidis.scec.persistencia.hibernate.HibernateUtil.commitTransaction(256) : >commitTransaction()
[SCEC] 2017-07-24 19:14:44,339 DEBUG edu.uag.iidis.scec.persistencia.hibernate.HibernateUtil.commitTransaction(264) : -Comprometiendo la transacción de este thread.
[SCEC] 2017-07-24 19:14:44,339 DEBUG edu.uag.iidis.scec.persistencia.hibernate.HibernateUtil.beginTransaction(230) : >beginTransaction()
[SCEC] 2017-07-24 19:14:44,339 DEBUG edu.uag.iidis.scec.persistencia.hibernate.HibernateUtil.beginTransaction(237) : -Iniciando una nueva transacción de base de datos en este thread.
[SCEC] 2017-07-24 19:14:44,339 DEBUG edu.uag.iidis.scec.persistencia.hibernate.HibernateUtil.getSession(160) : >getSession()
[SCEC] 2017-07-24 19:14:44,339 DEBUG edu.uag.iidis.scec.persistencia.HotelDAO.buscarPorNombre(61) : >buscarPorNombre(ActualizaHotel)
[SCEC] 2017-07-24 19:14:44,339 DEBUG edu.uag.iidis.scec.persistencia.hibernate.HibernateUtil.getSession(160) : >getSession()
Hibernate: select hotel0_.id as id7_, hotel0_.Nombre as Nombre7_, hotel0_.Descripcion as Descripc3_7_, hotel0_.Precio as Precio7_, hotel0_.Horario as Horario7_, hotel0_.Estado as Estado7_, hotel0_.Imagen as Imagen7_, hotel0_.Pais as Pais7_, hotel0_.Direccion as Direccion7_ from Hoteles hotel0_ where hotel0_.Nombre=?
[SCEC] 2017-07-24 19:14:44,339 DEBUG edu.uag.iidis.scec.persistencia.HotelDAO.hazTransitorio(200) : >hazTransitorio(hotel)
[SCEC] 2017-07-24 19:14:44,339 DEBUG edu.uag.iidis.scec.persistencia.hibernate.HibernateUtil.getSession(160) : >getSession()
[SCEC] 2017-07-24 19:14:44,339 DEBUG edu.uag.iidis.scec.persistencia.hibernate.HibernateUtil.commitTransaction(256) : >commitTransaction()
[SCEC] 2017-07-24 19:14:44,339 DEBUG edu.uag.iidis.scec.persistencia.hibernate.HibernateUtil.commitTransaction(264) : -Comprometiendo la transacción de este thread.
Hibernate: delete from Hoteles where id=?
[SCEC] 2017-07-24 19:14:44,354 DEBUG edu.uag.iidis.scec.persistencia.hibernate.HibernateUtil.closeSession(204) : >closeSession()
[SCEC] 2017-07-24 19:14:44,354 DEBUG edu.uag.iidis.scec.persistencia.hibernate.HibernateUtil.closeSession(212) : -Cerrando la sesión local al thread.
[SCEC] 2017-07-24 19:14:44,354 DEBUG edu.uag.iidis.scec.persistencia.hibernate.HibernateUtil.beginTransaction(230) : >beginTransaction()
[SCEC] 2017-07-24 19:14:44,354 DEBUG edu.uag.iidis.scec.persistencia.hibernate.HibernateUtil.beginTransaction(237) : -Iniciando una nueva transacción de base de datos en este thread.
[SCEC] 2017-07-24 19:14:44,354 DEBUG edu.uag.iidis.scec.persistencia.hibernate.HibernateUtil.getSession(160) : >getSession()
[SCEC] 2017-07-24 19:14:44,354 DEBUG edu.uag.iidis.scec.persistencia.hibernate.HibernateUtil.getSession(167) : -Abriendo una nueva sesión para el thread.
[SCEC] 2017-07-24 19:14:44,354 DEBUG edu.uag.iidis.scec.persistencia.HotelDAO.hazPersistente(182) : >hazPersistente(hotel)
[SCEC] 2017-07-24 19:14:44,354 DEBUG edu.uag.iidis.scec.persistencia.hibernate.HibernateUtil.getSession(160) : >getSession()
[SCEC] 2017-07-24 19:14:44,354 DEBUG edu.uag.iidis.scec.persistencia.hibernate.HibernateUtil.commitTransaction(256) : >commitTransaction()
[SCEC] 2017-07-24 19:14:44,354 DEBUG edu.uag.iidis.scec.persistencia.hibernate.HibernateUtil.commitTransaction(264) : -Comprometiendo la transacción de este thread.
Hibernate: insert into Hoteles (Nombre, Descripcion, Precio, Horario, Estado, Imagen, Pais, Direccion, id) values (?, ?, ?, ?, ?, ?, ?, ?, ?)
[SCEC] 2017-07-24 19:14:44,385 DEBUG edu.uag.iidis.scec.persistencia.hibernate.HibernateUtil.beginTransaction(230) : >beginTransaction()
[SCEC] 2017-07-24 19:14:44,385 DEBUG edu.uag.iidis.scec.persistencia.hibernate.HibernateUtil.beginTransaction(237) : -Iniciando una nueva transacción de base de datos en este thread.
[SCEC] 2017-07-24 19:14:44,385 DEBUG edu.uag.iidis.scec.persistencia.hibernate.HibernateUtil.getSession(160) : >getSession()
[SCEC] 2017-07-24 19:14:44,385 DEBUG edu.uag.iidis.scec.persistencia.HotelDAO.buscarPorNombre(61) : >buscarPorNombre(EliminarHotel)
[SCEC] 2017-07-24 19:14:44,385 DEBUG edu.uag.iidis.scec.persistencia.hibernate.HibernateUtil.getSession(160) : >getSession()
Hibernate: select hotel0_.id as id7_, hotel0_.Nombre as Nombre7_, hotel0_.Descripcion as Descripc3_7_, hotel0_.Precio as Precio7_, hotel0_.Horario as Horario7_, hotel0_.Estado as Estado7_, hotel0_.Imagen as Imagen7_, hotel0_.Pais as Pais7_, hotel0_.Direccion as Direccion7_ from Hoteles hotel0_ where hotel0_.Nombre=?
[SCEC] 2017-07-24 19:14:44,385 DEBUG edu.uag.iidis.scec.persistencia.HotelDAO.hazTransitorio(200) : >hazTransitorio(hotel)
[SCEC] 2017-07-24 19:14:44,385 DEBUG edu.uag.iidis.scec.persistencia.hibernate.HibernateUtil.getSession(160) : >getSession()
[SCEC] 2017-07-24 19:14:44,401 DEBUG edu.uag.iidis.scec.persistencia.hibernate.HibernateUtil.commitTransaction(256) : >commitTransaction()
[SCEC] 2017-07-24 19:14:44,401 DEBUG edu.uag.iidis.scec.persistencia.hibernate.HibernateUtil.commitTransaction(264) : -Comprometiendo la transacción de este thread.
Hibernate: delete from Hoteles where id=?
[SCEC] 2017-07-24 19:14:44,461 DEBUG edu.uag.iidis.scec.persistencia.HotelDAO.buscarPorNombre(61) : >buscarPorNombre(EliminarHotel)
[SCEC] 2017-07-24 19:14:44,461 DEBUG edu.uag.iidis.scec.persistencia.hibernate.HibernateUtil.getSession(160) : >getSession()
Hibernate: select hotel0_.id as id7_, hotel0_.Nombre as Nombre7_, hotel0_.Descripcion as Descripc3_7_, hotel0_.Precio as Precio7_, hotel0_.Horario as Horario7_, hotel0_.Estado as Estado7_, hotel0_.Imagen as Imagen7_, hotel0_.Pais as Pais7_, hotel0_.Direccion as Direccion7_ from Hoteles hotel0_ where hotel0_.Nombre=?
[SCEC] 2017-07-24 19:14:44,461 DEBUG edu.uag.iidis.scec.persistencia.HotelDAO.buscarPorNombre(77) : >buscarPorNombre(EliminarHotel)
[SCEC] 2017-07-24 19:14:44,461 DEBUG edu.uag.iidis.scec.persistencia.hibernate.HibernateUtil.closeSession(204) : >closeSession()
[SCEC] 2017-07-24 19:14:44,461 DEBUG edu.uag.iidis.scec.persistencia.hibernate.HibernateUtil.closeSession(212) : -Cerrando la sesión local al thread.
[SCEC] 2017-07-24 19:14:44,461 DEBUG edu.uag.iidis.scec.persistencia.hibernate.HibernateUtil.beginTransaction(230) : >beginTransaction()
[SCEC] 2017-07-24 19:14:44,461 DEBUG edu.uag.iidis.scec.persistencia.hibernate.HibernateUtil.beginTransaction(237) : -Iniciando una nueva transacción de base de datos en este thread.
[SCEC] 2017-07-24 19:14:44,461 DEBUG edu.uag.iidis.scec.persistencia.hibernate.HibernateUtil.getSession(160) : >getSession()
[SCEC] 2017-07-24 19:14:44,461 DEBUG edu.uag.iidis.scec.persistencia.hibernate.HibernateUtil.getSession(167) : -Abriendo una nueva sesión para el thread.
[SCEC] 2017-07-24 19:14:44,461 DEBUG edu.uag.iidis.scec.persistencia.CriticaDAO.hazPersistente(182) : >hazPersistente(critica)
[SCEC] 2017-07-24 19:14:44,461 DEBUG edu.uag.iidis.scec.persistencia.hibernate.HibernateUtil.getSession(160) : >getSession()
Hibernate: select max(id) from Criticaes
[SCEC] 2017-07-24 19:14:44,476 DEBUG edu.uag.iidis.scec.persistencia.hibernate.HibernateUtil.commitTransaction(256) : >commitTransaction()
[SCEC] 2017-07-24 19:14:44,476 DEBUG edu.uag.iidis.scec.persistencia.hibernate.HibernateUtil.commitTransaction(264) : -Comprometiendo la transacción de este thread.
Hibernate: insert into Criticaes (Nombre, Descripcion, Hotel, Nivel, id) values (?, ?, ?, ?, ?)
[SCEC] 2017-07-24 19:14:44,523 DEBUG edu.uag.iidis.scec.persistencia.hibernate.HibernateUtil.beginTransaction(230) : >beginTransaction()
[SCEC] 2017-07-24 19:14:44,523 DEBUG edu.uag.iidis.scec.persistencia.hibernate.HibernateUtil.beginTransaction(237) : -Iniciando una nueva transacción de base de datos en este thread.
[SCEC] 2017-07-24 19:14:44,523 DEBUG edu.uag.iidis.scec.persistencia.hibernate.HibernateUtil.getSession(160) : >getSession()
[SCEC] 2017-07-24 19:14:44,523 DEBUG edu.uag.iidis.scec.persistencia.CriticaDAO.buscarTodos(134) : >buscarTodos()
[SCEC] 2017-07-24 19:14:44,523 DEBUG edu.uag.iidis.scec.persistencia.hibernate.HibernateUtil.getSession(160) : >getSession()
Hibernate: select this_.id as id8_0_, this_.Nombre as Nombre8_0_, this_.Descripcion as Descripc3_8_0_, this_.Hotel as Hotel8_0_, this_.Nivel as Nivel8_0_ from Criticaes this_
[SCEC] 2017-07-24 19:14:44,523 DEBUG edu.uag.iidis.scec.persistencia.CriticaDAO.buscarTodos(142) : >buscarTodos() ---- list   1
[SCEC] 2017-07-24 19:14:44,523 DEBUG edu.uag.iidis.scec.persistencia.CriticaDAO.buscarTodos(143) : >buscarTodos() ---- contenido   [edu.uag.iidis.scec.modelo.Critica@592e843a[
  id=1
  nombre=BuscarTodo
  descripcion=012
  hotel=012
  nivel=012
]]
[SCEC] 2017-07-24 19:14:44,523 DEBUG edu.uag.iidis.scec.persistencia.hibernate.HibernateUtil.commitTransaction(256) : >commitTransaction()
[SCEC] 2017-07-24 19:14:44,523 DEBUG edu.uag.iidis.scec.persistencia.hibernate.HibernateUtil.commitTransaction(264) : -Comprometiendo la transacción de este thread.
[SCEC] 2017-07-24 19:14:44,523 DEBUG edu.uag.iidis.scec.persistencia.hibernate.HibernateUtil.beginTransaction(230) : >beginTransaction()
[SCEC] 2017-07-24 19:14:44,523 DEBUG edu.uag.iidis.scec.persistencia.hibernate.HibernateUtil.beginTransaction(237) : -Iniciando una nueva transacción de base de datos en este thread.
[SCEC] 2017-07-24 19:14:44,523 DEBUG edu.uag.iidis.scec.persistencia.hibernate.HibernateUtil.getSession(160) : >getSession()
[SCEC] 2017-07-24 19:14:44,523 DEBUG edu.uag.iidis.scec.persistencia.CriticaDAO.buscarPorNombre(30) : >buscarPorNombre(BuscarTodo)
[SCEC] 2017-07-24 19:14:44,523 DEBUG edu.uag.iidis.scec.persistencia.hibernate.HibernateUtil.getSession(160) : >getSession()
Hibernate: select critica0_.id as id8_, critica0_.Nombre as Nombre8_, critica0_.Descripcion as Descripc3_8_, critica0_.Hotel as Hotel8_, critica0_.Nivel as Nivel8_ from Criticaes critica0_ where critica0_.Nombre=?
[SCEC] 2017-07-24 19:14:44,523 DEBUG edu.uag.iidis.scec.persistencia.CriticaDAO.hazTransitorio(200) : >hazTransitorio(critica)
[SCEC] 2017-07-24 19:14:44,523 DEBUG edu.uag.iidis.scec.persistencia.hibernate.HibernateUtil.getSession(160) : >getSession()
[SCEC] 2017-07-24 19:14:44,523 DEBUG edu.uag.iidis.scec.persistencia.hibernate.HibernateUtil.commitTransaction(256) : >commitTransaction()
[SCEC] 2017-07-24 19:14:44,523 DEBUG edu.uag.iidis.scec.persistencia.hibernate.HibernateUtil.commitTransaction(264) : -Comprometiendo la transacción de este thread.
Hibernate: delete from Criticaes where id=?
[SCEC] 2017-07-24 19:14:44,617 DEBUG edu.uag.iidis.scec.persistencia.hibernate.HibernateUtil.closeSession(204) : >closeSession()
[SCEC] 2017-07-24 19:14:44,633 DEBUG edu.uag.iidis.scec.persistencia.hibernate.HibernateUtil.closeSession(212) : -Cerrando la sesión local al thread.
[SCEC] 2017-07-24 19:14:44,633 DEBUG edu.uag.iidis.scec.persistencia.hibernate.HibernateUtil.beginTransaction(230) : >beginTransaction()
[SCEC] 2017-07-24 19:14:44,633 DEBUG edu.uag.iidis.scec.persistencia.hibernate.HibernateUtil.beginTransaction(237) : -Iniciando una nueva transacción de base de datos en este thread.
[SCEC] 2017-07-24 19:14:44,633 DEBUG edu.uag.iidis.scec.persistencia.hibernate.HibernateUtil.getSession(160) : >getSession()
[SCEC] 2017-07-24 19:14:44,633 DEBUG edu.uag.iidis.scec.persistencia.hibernate.HibernateUtil.getSession(167) : -Abriendo una nueva sesión para el thread.
[SCEC] 2017-07-24 19:14:44,633 DEBUG edu.uag.iidis.scec.persistencia.CriticaDAO.hazPersistente(182) : >hazPersistente(critica)
[SCEC] 2017-07-24 19:14:44,633 DEBUG edu.uag.iidis.scec.persistencia.hibernate.HibernateUtil.getSession(160) : >getSession()
[SCEC] 2017-07-24 19:14:44,633 DEBUG edu.uag.iidis.scec.persistencia.hibernate.HibernateUtil.commitTransaction(256) : >commitTransaction()
[SCEC] 2017-07-24 19:14:44,633 DEBUG edu.uag.iidis.scec.persistencia.hibernate.HibernateUtil.commitTransaction(264) : -Comprometiendo la transacción de este thread.
Hibernate: insert into Criticaes (Nombre, Descripcion, Hotel, Nivel, id) values (?, ?, ?, ?, ?)
[SCEC] 2017-07-24 19:14:44,679 DEBUG edu.uag.iidis.scec.persistencia.hibernate.HibernateUtil.beginTransaction(230) : >beginTransaction()
[SCEC] 2017-07-24 19:14:44,679 DEBUG edu.uag.iidis.scec.persistencia.hibernate.HibernateUtil.beginTransaction(237) : -Iniciando una nueva transacción de base de datos en este thread.
[SCEC] 2017-07-24 19:14:44,679 DEBUG edu.uag.iidis.scec.persistencia.hibernate.HibernateUtil.getSession(160) : >getSession()
[SCEC] 2017-07-24 19:14:44,679 DEBUG edu.uag.iidis.scec.persistencia.CriticaDAO.buscarPorNombre(30) : >buscarPorNombre(ActualizaCritica)
[SCEC] 2017-07-24 19:14:44,679 DEBUG edu.uag.iidis.scec.persistencia.hibernate.HibernateUtil.getSession(160) : >getSession()
Hibernate: select critica0_.id as id8_, critica0_.Nombre as Nombre8_, critica0_.Descripcion as Descripc3_8_, critica0_.Hotel as Hotel8_, critica0_.Nivel as Nivel8_ from Criticaes critica0_ where critica0_.Nombre=?
[SCEC] 2017-07-24 19:14:44,679 DEBUG edu.uag.iidis.scec.persistencia.CriticaDAO.modificar(276) : >modificar(critica)
edu.uag.iidis.scec.modelo.Critica@743cb8e0[
  id=2
  nombre=ActualizaCritica
  descripcion=012
  hotel=012
  nivel=012
]
[SCEC] 2017-07-24 19:14:44,679 DEBUG edu.uag.iidis.scec.persistencia.hibernate.HibernateUtil.getSession(160) : >getSession()
[SCEC] 2017-07-24 19:14:44,679 DEBUG edu.uag.iidis.scec.persistencia.hibernate.HibernateUtil.commitTransaction(256) : >commitTransaction()
[SCEC] 2017-07-24 19:14:44,679 DEBUG edu.uag.iidis.scec.persistencia.hibernate.HibernateUtil.commitTransaction(264) : -Comprometiendo la transacción de este thread.
[SCEC] 2017-07-24 19:14:44,679 DEBUG edu.uag.iidis.scec.persistencia.hibernate.HibernateUtil.beginTransaction(230) : >beginTransaction()
[SCEC] 2017-07-24 19:14:44,679 DEBUG edu.uag.iidis.scec.persistencia.hibernate.HibernateUtil.beginTransaction(237) : -Iniciando una nueva transacción de base de datos en este thread.
[SCEC] 2017-07-24 19:14:44,679 DEBUG edu.uag.iidis.scec.persistencia.hibernate.HibernateUtil.getSession(160) : >getSession()
[SCEC] 2017-07-24 19:14:44,679 DEBUG edu.uag.iidis.scec.persistencia.CriticaDAO.buscarPorNombre(30) : >buscarPorNombre(ActualizaCritica)
[SCEC] 2017-07-24 19:14:44,679 DEBUG edu.uag.iidis.scec.persistencia.hibernate.HibernateUtil.getSession(160) : >getSession()
Hibernate: select critica0_.id as id8_, critica0_.Nombre as Nombre8_, critica0_.Descripcion as Descripc3_8_, critica0_.Hotel as Hotel8_, critica0_.Nivel as Nivel8_ from Criticaes critica0_ where critica0_.Nombre=?
[SCEC] 2017-07-24 19:14:44,679 DEBUG edu.uag.iidis.scec.persistencia.CriticaDAO.hazTransitorio(200) : >hazTransitorio(critica)
[SCEC] 2017-07-24 19:14:44,679 DEBUG edu.uag.iidis.scec.persistencia.hibernate.HibernateUtil.getSession(160) : >getSession()
[SCEC] 2017-07-24 19:14:44,679 DEBUG edu.uag.iidis.scec.persistencia.hibernate.HibernateUtil.commitTransaction(256) : >commitTransaction()
[SCEC] 2017-07-24 19:14:44,679 DEBUG edu.uag.iidis.scec.persistencia.hibernate.HibernateUtil.commitTransaction(264) : -Comprometiendo la transacción de este thread.
Hibernate: delete from Criticaes where id=?
[SCEC] 2017-07-24 19:14:44,742 DEBUG edu.uag.iidis.scec.persistencia.hibernate.HibernateUtil.closeSession(204) : >closeSession()
[SCEC] 2017-07-24 19:14:44,742 DEBUG edu.uag.iidis.scec.persistencia.hibernate.HibernateUtil.closeSession(212) : -Cerrando la sesión local al thread.
[SCEC] 2017-07-24 19:14:44,742 DEBUG edu.uag.iidis.scec.persistencia.hibernate.HibernateUtil.beginTransaction(230) : >beginTransaction()
[SCEC] 2017-07-24 19:14:44,742 DEBUG edu.uag.iidis.scec.persistencia.hibernate.HibernateUtil.beginTransaction(237) : -Iniciando una nueva transacción de base de datos en este thread.
[SCEC] 2017-07-24 19:14:44,742 DEBUG edu.uag.iidis.scec.persistencia.hibernate.HibernateUtil.getSession(160) : >getSession()
[SCEC] 2017-07-24 19:14:44,742 DEBUG edu.uag.iidis.scec.persistencia.hibernate.HibernateUtil.getSession(167) : -Abriendo una nueva sesión para el thread.
[SCEC] 2017-07-24 19:14:44,742 DEBUG edu.uag.iidis.scec.persistencia.CriticaDAO.hazPersistente(182) : >hazPersistente(critica)
[SCEC] 2017-07-24 19:14:44,742 DEBUG edu.uag.iidis.scec.persistencia.hibernate.HibernateUtil.getSession(160) : >getSession()
[SCEC] 2017-07-24 19:14:44,742 DEBUG edu.uag.iidis.scec.persistencia.hibernate.HibernateUtil.commitTransaction(256) : >commitTransaction()
[SCEC] 2017-07-24 19:14:44,742 DEBUG edu.uag.iidis.scec.persistencia.hibernate.HibernateUtil.commitTransaction(264) : -Comprometiendo la transacción de este thread.
Hibernate: insert into Criticaes (Nombre, Descripcion, Hotel, Nivel, id) values (?, ?, ?, ?, ?)
[SCEC] 2017-07-24 19:14:44,773 DEBUG edu.uag.iidis.scec.persistencia.hibernate.HibernateUtil.beginTransaction(230) : >beginTransaction()
[SCEC] 2017-07-24 19:14:44,773 DEBUG edu.uag.iidis.scec.persistencia.hibernate.HibernateUtil.beginTransaction(237) : -Iniciando una nueva transacción de base de datos en este thread.
[SCEC] 2017-07-24 19:14:44,773 DEBUG edu.uag.iidis.scec.persistencia.hibernate.HibernateUtil.getSession(160) : >getSession()
[SCEC] 2017-07-24 19:14:44,773 DEBUG edu.uag.iidis.scec.persistencia.CriticaDAO.ordenarCriticaesPor(96) : >buscarTodos()
[SCEC] 2017-07-24 19:14:44,773 DEBUG edu.uag.iidis.scec.persistencia.CriticaDAO.ordenarCriticaesPor(103) : from Critica ORDER BY nombre
[SCEC] 2017-07-24 19:14:44,773 DEBUG edu.uag.iidis.scec.persistencia.hibernate.HibernateUtil.getSession(160) : >getSession()
Hibernate: select critica0_.id as id8_, critica0_.Nombre as Nombre8_, critica0_.Descripcion as Descripc3_8_, critica0_.Hotel as Hotel8_, critica0_.Nivel as Nivel8_ from Criticaes critica0_ order by critica0_.Nombre
[SCEC] 2017-07-24 19:14:44,789 DEBUG edu.uag.iidis.scec.persistencia.CriticaDAO.ordenarCriticaesPor(109) : <<<<<<<<< create query ok 
[SCEC] 2017-07-24 19:14:44,789 DEBUG edu.uag.iidis.scec.persistencia.CriticaDAO.ordenarCriticaesPor(115) : >buscarTodos() ---- list   1
[SCEC] 2017-07-24 19:14:44,789 DEBUG edu.uag.iidis.scec.persistencia.CriticaDAO.ordenarCriticaesPor(116) : >buscarTodos() ---- contenido   [edu.uag.iidis.scec.modelo.Critica@4eed46ee[
  id=3
  nombre=OrdenarCritica
  descripcion=012
  hotel=012
  nivel=012
]]
[SCEC] 2017-07-24 19:14:44,789 DEBUG edu.uag.iidis.scec.persistencia.hibernate.HibernateUtil.commitTransaction(256) : >commitTransaction()
[SCEC] 2017-07-24 19:14:44,789 DEBUG edu.uag.iidis.scec.persistencia.hibernate.HibernateUtil.commitTransaction(264) : -Comprometiendo la transacción de este thread.
[SCEC] 2017-07-24 19:14:44,789 DEBUG edu.uag.iidis.scec.persistencia.hibernate.HibernateUtil.beginTransaction(230) : >beginTransaction()
[SCEC] 2017-07-24 19:14:44,789 DEBUG edu.uag.iidis.scec.persistencia.hibernate.HibernateUtil.beginTransaction(237) : -Iniciando una nueva transacción de base de datos en este thread.
[SCEC] 2017-07-24 19:14:44,789 DEBUG edu.uag.iidis.scec.persistencia.hibernate.HibernateUtil.getSession(160) : >getSession()
[SCEC] 2017-07-24 19:14:44,789 DEBUG edu.uag.iidis.scec.persistencia.CriticaDAO.buscarPorNombre(30) : >buscarPorNombre(OrdenarCritica)
[SCEC] 2017-07-24 19:14:44,789 DEBUG edu.uag.iidis.scec.persistencia.hibernate.HibernateUtil.getSession(160) : >getSession()
Hibernate: select critica0_.id as id8_, critica0_.Nombre as Nombre8_, critica0_.Descripcion as Descripc3_8_, critica0_.Hotel as Hotel8_, critica0_.Nivel as Nivel8_ from Criticaes critica0_ where critica0_.Nombre=?
[SCEC] 2017-07-24 19:14:44,789 DEBUG edu.uag.iidis.scec.persistencia.CriticaDAO.hazTransitorio(200) : >hazTransitorio(critica)
[SCEC] 2017-07-24 19:14:44,789 DEBUG edu.uag.iidis.scec.persistencia.hibernate.HibernateUtil.getSession(160) : >getSession()
[SCEC] 2017-07-24 19:14:44,789 DEBUG edu.uag.iidis.scec.persistencia.hibernate.HibernateUtil.commitTransaction(256) : >commitTransaction()
[SCEC] 2017-07-24 19:14:44,789 DEBUG edu.uag.iidis.scec.persistencia.hibernate.HibernateUtil.commitTransaction(264) : -Comprometiendo la transacción de este thread.
Hibernate: delete from Criticaes where id=?
[SCEC] 2017-07-24 19:14:44,804 DEBUG edu.uag.iidis.scec.persistencia.hibernate.HibernateUtil.closeSession(204) : >closeSession()
[SCEC] 2017-07-24 19:14:44,804 DEBUG edu.uag.iidis.scec.persistencia.hibernate.HibernateUtil.closeSession(212) : -Cerrando la sesión local al thread.
[SCEC] 2017-07-24 19:14:44,804 DEBUG edu.uag.iidis.scec.persistencia.hibernate.HibernateUtil.beginTransaction(230) : >beginTransaction()
[SCEC] 2017-07-24 19:14:44,804 DEBUG edu.uag.iidis.scec.persistencia.hibernate.HibernateUtil.beginTransaction(237) : -Iniciando una nueva transacción de base de datos en este thread.
[SCEC] 2017-07-24 19:14:44,804 DEBUG edu.uag.iidis.scec.persistencia.hibernate.HibernateUtil.getSession(160) : >getSession()
[SCEC] 2017-07-24 19:14:44,804 DEBUG edu.uag.iidis.scec.persistencia.hibernate.HibernateUtil.getSession(167) : -Abriendo una nueva sesión para el thread.
[SCEC] 2017-07-24 19:14:44,804 DEBUG edu.uag.iidis.scec.persistencia.CriticaDAO.hazPersistente(182) : >hazPersistente(critica)
[SCEC] 2017-07-24 19:14:44,804 DEBUG edu.uag.iidis.scec.persistencia.hibernate.HibernateUtil.getSession(160) : >getSession()
[SCEC] 2017-07-24 19:14:44,804 DEBUG edu.uag.iidis.scec.persistencia.hibernate.HibernateUtil.commitTransaction(256) : >commitTransaction()
[SCEC] 2017-07-24 19:14:44,804 DEBUG edu.uag.iidis.scec.persistencia.hibernate.HibernateUtil.commitTransaction(264) : -Comprometiendo la transacción de este thread.
Hibernate: insert into Criticaes (Nombre, Descripcion, Hotel, Nivel, id) values (?, ?, ?, ?, ?)
[SCEC] 2017-07-24 19:14:44,820 DEBUG edu.uag.iidis.scec.persistencia.hibernate.HibernateUtil.beginTransaction(230) : >beginTransaction()
[SCEC] 2017-07-24 19:14:44,820 DEBUG edu.uag.iidis.scec.persistencia.hibernate.HibernateUtil.beginTransaction(237) : -Iniciando una nueva transacción de base de datos en este thread.
[SCEC] 2017-07-24 19:14:44,820 DEBUG edu.uag.iidis.scec.persistencia.hibernate.HibernateUtil.getSession(160) : >getSession()
[SCEC] 2017-07-24 19:14:44,820 DEBUG edu.uag.iidis.scec.persistencia.CriticaDAO.existeCritica(217) : >existeRol(nombreRol)
[SCEC] 2017-07-24 19:14:44,820 DEBUG edu.uag.iidis.scec.persistencia.CriticaDAO.existeCritica(238) : select nombre from Critica where nombre = :nombreExiste Critica2
[SCEC] 2017-07-24 19:14:44,820 DEBUG edu.uag.iidis.scec.persistencia.hibernate.HibernateUtil.getSession(160) : >getSession()
[SCEC] 2017-07-24 19:14:44,836 DEBUG edu.uag.iidis.scec.persistencia.CriticaDAO.existeCritica(244) : <<<<<<<<< create query ok 
[SCEC] 2017-07-24 19:14:44,836 DEBUG edu.uag.iidis.scec.persistencia.CriticaDAO.existeCritica(249) : <<<<<<<<< set Parameter ok antes del query list >>>>>
Hibernate: select critica0_.Nombre as col_0_0_ from Criticaes critica0_ where critica0_.Nombre=?
[SCEC] 2017-07-24 19:14:44,836 DEBUG edu.uag.iidis.scec.persistencia.CriticaDAO.existeCritica(254) : <<<<<<<<< Result size 0
[SCEC] 2017-07-24 19:14:44,836 DEBUG edu.uag.iidis.scec.persistencia.hibernate.HibernateUtil.commitTransaction(256) : >commitTransaction()
[SCEC] 2017-07-24 19:14:44,836 DEBUG edu.uag.iidis.scec.persistencia.hibernate.HibernateUtil.commitTransaction(264) : -Comprometiendo la transacción de este thread.
[SCEC] 2017-07-24 19:14:44,836 DEBUG edu.uag.iidis.scec.persistencia.hibernate.HibernateUtil.beginTransaction(230) : >beginTransaction()
[SCEC] 2017-07-24 19:14:44,836 DEBUG edu.uag.iidis.scec.persistencia.hibernate.HibernateUtil.beginTransaction(237) : -Iniciando una nueva transacción de base de datos en este thread.
[SCEC] 2017-07-24 19:14:44,836 DEBUG edu.uag.iidis.scec.persistencia.hibernate.HibernateUtil.getSession(160) : >getSession()
[SCEC] 2017-07-24 19:14:44,836 DEBUG edu.uag.iidis.scec.persistencia.CriticaDAO.buscarPorNombre(30) : >buscarPorNombre(Existe Critica)
[SCEC] 2017-07-24 19:14:44,836 DEBUG edu.uag.iidis.scec.persistencia.hibernate.HibernateUtil.getSession(160) : >getSession()
Hibernate: select critica0_.id as id8_, critica0_.Nombre as Nombre8_, critica0_.Descripcion as Descripc3_8_, critica0_.Hotel as Hotel8_, critica0_.Nivel as Nivel8_ from Criticaes critica0_ where critica0_.Nombre=?
[SCEC] 2017-07-24 19:14:44,836 DEBUG edu.uag.iidis.scec.persistencia.CriticaDAO.hazTransitorio(200) : >hazTransitorio(critica)
[SCEC] 2017-07-24 19:14:44,836 DEBUG edu.uag.iidis.scec.persistencia.hibernate.HibernateUtil.getSession(160) : >getSession()
[SCEC] 2017-07-24 19:14:44,836 DEBUG edu.uag.iidis.scec.persistencia.hibernate.HibernateUtil.commitTransaction(256) : >commitTransaction()
[SCEC] 2017-07-24 19:14:44,836 DEBUG edu.uag.iidis.scec.persistencia.hibernate.HibernateUtil.commitTransaction(264) : -Comprometiendo la transacción de este thread.
Hibernate: delete from Criticaes where id=?
[SCEC] 2017-07-24 19:14:44,883 DEBUG edu.uag.iidis.scec.persistencia.hibernate.HibernateUtil.closeSession(204) : >closeSession()
[SCEC] 2017-07-24 19:14:44,883 DEBUG edu.uag.iidis.scec.persistencia.hibernate.HibernateUtil.closeSession(212) : -Cerrando la sesión local al thread.
[SCEC] 2017-07-24 19:14:44,883 DEBUG edu.uag.iidis.scec.persistencia.hibernate.HibernateUtil.beginTransaction(230) : >beginTransaction()
[SCEC] 2017-07-24 19:14:44,883 DEBUG edu.uag.iidis.scec.persistencia.hibernate.HibernateUtil.beginTransaction(237) : -Iniciando una nueva transacción de base de datos en este thread.
[SCEC] 2017-07-24 19:14:44,883 DEBUG edu.uag.iidis.scec.persistencia.hibernate.HibernateUtil.getSession(160) : >getSession()
[SCEC] 2017-07-24 19:14:44,883 DEBUG edu.uag.iidis.scec.persistencia.hibernate.HibernateUtil.getSession(167) : -Abriendo una nueva sesión para el thread.
[SCEC] 2017-07-24 19:14:44,883 DEBUG edu.uag.iidis.scec.persistencia.CriticaDAO.hazPersistente(182) : >hazPersistente(critica)
[SCEC] 2017-07-24 19:14:44,883 DEBUG edu.uag.iidis.scec.persistencia.hibernate.HibernateUtil.getSession(160) : >getSession()
[SCEC] 2017-07-24 19:14:44,883 DEBUG edu.uag.iidis.scec.persistencia.hibernate.HibernateUtil.commitTransaction(256) : >commitTransaction()
[SCEC] 2017-07-24 19:14:44,883 DEBUG edu.uag.iidis.scec.persistencia.hibernate.HibernateUtil.commitTransaction(264) : -Comprometiendo la transacción de este thread.
Hibernate: insert into Criticaes (Nombre, Descripcion, Hotel, Nivel, id) values (?, ?, ?, ?, ?)
[SCEC] 2017-07-24 19:14:44,898 DEBUG edu.uag.iidis.scec.persistencia.hibernate.HibernateUtil.beginTransaction(230) : >beginTransaction()
[SCEC] 2017-07-24 19:14:44,898 DEBUG edu.uag.iidis.scec.persistencia.hibernate.HibernateUtil.beginTransaction(237) : -Iniciando una nueva transacción de base de datos en este thread.
[SCEC] 2017-07-24 19:14:44,898 DEBUG edu.uag.iidis.scec.persistencia.hibernate.HibernateUtil.getSession(160) : >getSession()
[SCEC] 2017-07-24 19:14:44,898 DEBUG edu.uag.iidis.scec.persistencia.CriticaDAO.buscarPorNombre(30) : >buscarPorNombre(EliminarCritica)
[SCEC] 2017-07-24 19:14:44,898 DEBUG edu.uag.iidis.scec.persistencia.hibernate.HibernateUtil.getSession(160) : >getSession()
Hibernate: select critica0_.id as id8_, critica0_.Nombre as Nombre8_, critica0_.Descripcion as Descripc3_8_, critica0_.Hotel as Hotel8_, critica0_.Nivel as Nivel8_ from Criticaes critica0_ where critica0_.Nombre=?
[SCEC] 2017-07-24 19:14:44,898 DEBUG edu.uag.iidis.scec.persistencia.CriticaDAO.hazTransitorio(200) : >hazTransitorio(critica)
[SCEC] 2017-07-24 19:14:44,898 DEBUG edu.uag.iidis.scec.persistencia.hibernate.HibernateUtil.getSession(160) : >getSession()
[SCEC] 2017-07-24 19:14:44,898 DEBUG edu.uag.iidis.scec.persistencia.hibernate.HibernateUtil.commitTransaction(256) : >commitTransaction()
[SCEC] 2017-07-24 19:14:44,898 DEBUG edu.uag.iidis.scec.persistencia.hibernate.HibernateUtil.commitTransaction(264) : -Comprometiendo la transacción de este thread.
Hibernate: delete from Criticaes where id=?
[SCEC] 2017-07-24 19:14:44,929 DEBUG edu.uag.iidis.scec.persistencia.CriticaDAO.buscarPorNombre(30) : >buscarPorNombre(EliminarCritica)
[SCEC] 2017-07-24 19:14:44,929 DEBUG edu.uag.iidis.scec.persistencia.hibernate.HibernateUtil.getSession(160) : >getSession()
Hibernate: select critica0_.id as id8_, critica0_.Nombre as Nombre8_, critica0_.Descripcion as Descripc3_8_, critica0_.Hotel as Hotel8_, critica0_.Nivel as Nivel8_ from Criticaes critica0_ where critica0_.Nombre=?
[SCEC] 2017-07-24 19:14:44,929 DEBUG edu.uag.iidis.scec.persistencia.CriticaDAO.buscarPorNombre(46) : >buscarPorNombre(EliminarCritica)
[SCEC] 2017-07-24 19:14:44,945 DEBUG edu.uag.iidis.scec.persistencia.hibernate.HibernateUtil.closeSession(204) : >closeSession()
[...]
[SCEC] 2017-07-24 19:14:45,398 DEBUG edu.uag.iidis.scec.persistencia.hibernate.HibernateUtil.getSession(160) : >getSession()
[SCEC] 2017-07-24 19:14:45,398 DEBUG edu.uag.iidis.scec.persistencia.LugarDAO.buscarPorNombre(31) : >buscarPorNombre(lugarEliminar)
[SCEC] 2017-07-24 19:14:45,398 DEBUG edu.uag.iidis.scec.persistencia.hibernate.HibernateUtil.getSession(160) : >getSession()
Hibernate: select lugar0_.id as id6_, lugar0_.Nombre as Nombre6_, lugar0_.Descripcion as Descripc3_6_, lugar0_.Poblacion as Poblacion6_, lugar0_.Coordenadas as Coordena5_6_, lugar0_.Estado as Estado6_, lugar0_.Imagen as Imagen6_, lugar0_.Pais as Pais6_, lugar0_.Moneda as Moneda6_ from Lugares lugar0_ where lugar0_.Nombre=?
[SCEC] 2017-07-24 19:14:45,398 DEBUG edu.uag.iidis.scec.persistencia.LugarDAO.hazTransitorio(163) : >hazTransitorio(lugar)
[SCEC] 2017-07-24 19:14:45,398 DEBUG edu.uag.iidis.scec.persistencia.hibernate.HibernateUtil.getSession(160) : >getSession()
[SCEC] 2017-07-24 19:14:45,398 DEBUG edu.uag.iidis.scec.persistencia.hibernate.HibernateUtil.commitTransaction(256) : >commitTransaction()
[SCEC] 2017-07-24 19:14:45,398 DEBUG edu.uag.iidis.scec.persistencia.hibernate.HibernateUtil.commitTransaction(264) : -Comprometiendo la transacción de este thread.
Hibernate: delete from Lugares where id=?
[SCEC] 2017-07-24 19:14:45,429 DEBUG edu.uag.iidis.scec.persistencia.LugarDAO.buscarPorNombre(31) : >buscarPorNombre(lugarEliminar)
[SCEC] 2017-07-24 19:14:45,429 DEBUG edu.uag.iidis.scec.persistencia.hibernate.HibernateUtil.getSession(160) : >getSession()
Hibernate: select lugar0_.id as id6_, lugar0_.Nombre as Nombre6_, lugar0_.Descripcion as Descripc3_6_, lugar0_.Poblacion as Poblacion6_, lugar0_.Coordenadas as Coordena5_6_, lugar0_.Estado as Estado6_, lugar0_.Imagen as Imagen6_, lugar0_.Pais as Pais6_, lugar0_.Moneda as Moneda6_ from Lugares lugar0_ where lugar0_.Nombre=?
[SCEC] 2017-07-24 19:14:45,429 DEBUG edu.uag.iidis.scec.persistencia.LugarDAO.buscarPorNombre(47) : >buscarPorNombre(lugarEliminar)
[SCEC] 2017-07-24 19:14:45,429 DEBUG edu.uag.iidis.scec.persistencia.hibernate.HibernateUtil.closeSession(204) : >closeSession()
[SCEC] 2017-07-24 19:14:45,429 DEBUG edu.uag.iidis.scec.persistencia.hibernate.HibernateUtil.closeSession(212) : -Cerrando la sesión local al thread.
[SCEC] 2017-07-24 19:14:45,429 DEBUG edu.uag.iidis.scec.persistencia.hibernate.HibernateUtil.beginTransaction(230) : >beginTransaction()
[SCEC] 2017-07-24 19:14:45,429 DEBUG edu.uag.iidis.scec.persistencia.hibernate.HibernateUtil.beginTransaction(237) : -Iniciando una nueva transacción de base de datos en este thread.
[SCEC] 2017-07-24 19:14:45,429 DEBUG edu.uag.iidis.scec.persistencia.hibernate.HibernateUtil.getSession(160) : >getSession()
[SCEC] 2017-07-24 19:14:45,429 DEBUG edu.uag.iidis.scec.persistencia.hibernate.HibernateUtil.getSession(167) : -Abriendo una nueva sesión para el thread.
[SCEC] 2017-07-24 19:14:45,429 DEBUG edu.uag.iidis.scec.persistencia.LugarDAO.hazPersistente(145) : >hazPersistente(lugar)
[SCEC] 2017-07-24 19:14:45,429 DEBUG edu.uag.iidis.scec.persistencia.hibernate.HibernateUtil.getSession(160) : >getSession()
[SCEC] 2017-07-24 19:14:45,429 DEBUG edu.uag.iidis.scec.persistencia.hibernate.HibernateUtil.commitTransaction(256) : >commitTransaction()
[SCEC] 2017-07-24 19:14:45,429 DEBUG edu.uag.iidis.scec.persistencia.hibernate.HibernateUtil.commitTransaction(264) : -Comprometiendo la transacción de este thread.
Hibernate: insert into Lugares (Nombre, Descripcion, Poblacion, Coordenadas, Estado, Imagen, Pais, Moneda, id) values (?, ?, ?, ?, ?, ?, ?, ?, ?)
[SCEC] 2017-07-24 19:14:45,445 DEBUG edu.uag.iidis.scec.persistencia.hibernate.HibernateUtil.beginTransaction(230) : >beginTransaction()
[SCEC] 2017-07-24 19:14:45,445 DEBUG edu.uag.iidis.scec.persistencia.hibernate.HibernateUtil.beginTransaction(237) : -Iniciando una nueva transacción de base de datos en este thread.
[SCEC] 2017-07-24 19:14:45,445 DEBUG edu.uag.iidis.scec.persistencia.hibernate.HibernateUtil.getSession(160) : >getSession()
[SCEC] 2017-07-24 19:14:45,445 DEBUG edu.uag.iidis.scec.persistencia.LugarDAO.buscarPorNombre(31) : >buscarPorNombre(lugar4)
[SCEC] 2017-07-24 19:14:45,445 DEBUG edu.uag.iidis.scec.persistencia.hibernate.HibernateUtil.getSession(160) : >getSession()
Hibernate: select lugar0_.id as id6_, lugar0_.Nombre as Nombre6_, lugar0_.Descripcion as Descripc3_6_, lugar0_.Poblacion as Poblacion6_, lugar0_.Coordenadas as Coordena5_6_, lugar0_.Estado as Estado6_, lugar0_.Imagen as Imagen6_, lugar0_.Pais as Pais6_, lugar0_.Moneda as Moneda6_ from Lugares lugar0_ where lugar0_.Nombre=?
[SCEC] 2017-07-24 19:14:45,445 DEBUG edu.uag.iidis.scec.persistencia.hibernate.HibernateUtil.commitTransaction(256) : >commitTransaction()
[SCEC] 2017-07-24 19:14:45,445 DEBUG edu.uag.iidis.scec.persistencia.hibernate.HibernateUtil.commitTransaction(264) : -Comprometiendo la transacción de este thread.
[SCEC] 2017-07-24 19:14:45,445 DEBUG edu.uag.iidis.scec.persistencia.hibernate.HibernateUtil.beginTransaction(230) : >beginTransaction()
[SCEC] 2017-07-24 19:14:45,445 DEBUG edu.uag.iidis.scec.persistencia.hibernate.HibernateUtil.beginTransaction(237) : -Iniciando una nueva transacción de base de datos en este thread.
[SCEC] 2017-07-24 19:14:45,445 DEBUG edu.uag.iidis.scec.persistencia.hibernate.HibernateUtil.getSession(160) : >getSession()
[SCEC] 2017-07-24 19:14:45,445 DEBUG edu.uag.iidis.scec.persistencia.LugarDAO.buscarPorNombre(31) : >buscarPorNombre(lugar4)
[SCEC] 2017-07-24 19:14:45,445 DEBUG edu.uag.iidis.scec.persistencia.hibernate.HibernateUtil.getSession(160) : >getSession()
Hibernate: select lugar0_.id as id6_, lugar0_.Nombre as Nombre6_, lugar0_.Descripcion as Descripc3_6_, lugar0_.Poblacion as Poblacion6_, lugar0_.Coordenadas as Coordena5_6_, lugar0_.Estado as Estado6_, lugar0_.Imagen as Imagen6_, lugar0_.Pais as Pais6_, lugar0_.Moneda as Moneda6_ from Lugares lugar0_ where lugar0_.Nombre=?
[SCEC] 2017-07-24 19:14:45,445 DEBUG edu.uag.iidis.scec.persistencia.LugarDAO.hazTransitorio(163) : >hazTransitorio(lugar)
[SCEC] 2017-07-24 19:14:45,445 DEBUG edu.uag.iidis.scec.persistencia.hibernate.HibernateUtil.getSession(160) : >getSession()
[SCEC] 2017-07-24 19:14:45,445 DEBUG edu.uag.iidis.scec.persistencia.hibernate.HibernateUtil.commitTransaction(256) : >commitTransaction()
[SCEC] 2017-07-24 19:14:45,445 DEBUG edu.uag.iidis.scec.persistencia.hibernate.HibernateUtil.commitTransaction(264) : -Comprometiendo la transacción de este thread.
Hibernate: delete from Lugares where id=?
[SCEC] 2017-07-24 19:14:45,508 DEBUG edu.uag.iidis.scec.persistencia.hibernate.HibernateUtil.closeSession(204) : >closeSession()
[SCEC] 2017-07-24 19:14:45,508 DEBUG edu.uag.iidis.scec.persistencia.hibernate.HibernateUtil.closeSession(212) : -Cerrando la sesión local al thread.
[SCEC] 2017-07-24 19:14:45,508 DEBUG edu.uag.iidis.scec.persistencia.hibernate.HibernateUtil.beginTransaction(230) : >beginTransaction()
[SCEC] 2017-07-24 19:14:45,508 DEBUG edu.uag.iidis.scec.persistencia.hibernate.HibernateUtil.beginTransaction(237) : -Iniciando una nueva transacción de base de datos en este thread.
[SCEC] 2017-07-24 19:14:45,508 DEBUG edu.uag.iidis.scec.persistencia.hibernate.HibernateUtil.getSession(160) : >getSession()
[SCEC] 2017-07-24 19:14:45,508 DEBUG edu.uag.iidis.scec.persistencia.hibernate.HibernateUtil.getSession(167) : -Abriendo una nueva sesión para el thread.
[SCEC] 2017-07-24 19:14:45,508 DEBUG edu.uag.iidis.scec.persistencia.LugarDAO.hazPersistente(145) : >hazPersistente(lugar)
[SCEC] 2017-07-24 19:14:45,508 DEBUG edu.uag.iidis.scec.persistencia.hibernate.HibernateUtil.getSession(160) : >getSession()
[SCEC] 2017-07-24 19:14:45,508 DEBUG edu.uag.iidis.scec.persistencia.hibernate.HibernateUtil.commitTransaction(256) : >commitTransaction()
[SCEC] 2017-07-24 19:14:45,508 DEBUG edu.uag.iidis.scec.persistencia.hibernate.HibernateUtil.commitTransaction(264) : -Comprometiendo la transacción de este thread.
Hibernate: insert into Lugares (Nombre, Descripcion, Poblacion, Coordenadas, Estado, Imagen, Pais, Moneda, id) values (?, ?, ?, ?, ?, ?, ?, ?, ?)
[SCEC] 2017-07-24 19:14:45,523 DEBUG edu.uag.iidis.scec.persistencia.hibernate.HibernateUtil.beginTransaction(230) : >beginTransaction()
[SCEC] 2017-07-24 19:14:45,523 DEBUG edu.uag.iidis.scec.persistencia.hibernate.HibernateUtil.beginTransaction(237) : -Iniciando una nueva transacción de base de datos en este thread.
[SCEC] 2017-07-24 19:14:45,523 DEBUG edu.uag.iidis.scec.persistencia.hibernate.HibernateUtil.getSession(160) : >getSession()
[SCEC] 2017-07-24 19:14:45,523 DEBUG edu.uag.iidis.scec.persistencia.LugarDAO.existeLugar(180) : >existeRol(nombreRol)
[SCEC] 2017-07-24 19:14:45,523 DEBUG edu.uag.iidis.scec.persistencia.LugarDAO.existeLugar(201) : select nombre from Lugar where nombre = :nombrelugarExiste
[SCEC] 2017-07-24 19:14:45,523 DEBUG edu.uag.iidis.scec.persistencia.hibernate.HibernateUtil.getSession(160) : >getSession()
[SCEC] 2017-07-24 19:14:45,523 DEBUG edu.uag.iidis.scec.persistencia.LugarDAO.existeLugar(207) : <<<<<<<<< create query ok 
[SCEC] 2017-07-24 19:14:45,523 DEBUG edu.uag.iidis.scec.persistencia.LugarDAO.existeLugar(212) : <<<<<<<<< set Parameter ok antes del query list >>>>>
Hibernate: select lugar0_.Nombre as col_0_0_ from Lugares lugar0_ where lugar0_.Nombre=?
[SCEC] 2017-07-24 19:14:45,523 DEBUG edu.uag.iidis.scec.persistencia.LugarDAO.existeLugar(217) : <<<<<<<<< Result size 1
[SCEC] 2017-07-24 19:14:45,523 DEBUG edu.uag.iidis.scec.persistencia.hibernate.HibernateUtil.commitTransaction(256) : >commitTransaction()
[SCEC] 2017-07-24 19:14:45,523 DEBUG edu.uag.iidis.scec.persistencia.hibernate.HibernateUtil.commitTransaction(264) : -Comprometiendo la transacción de este thread.
[SCEC] 2017-07-24 19:14:45,523 DEBUG edu.uag.iidis.scec.persistencia.hibernate.HibernateUtil.beginTransaction(230) : >beginTransaction()
[SCEC] 2017-07-24 19:14:45,523 DEBUG edu.uag.iidis.scec.persistencia.hibernate.HibernateUtil.beginTransaction(237) : -Iniciando una nueva transacción de base de datos en este thread.
[SCEC] 2017-07-24 19:14:45,523 DEBUG edu.uag.iidis.scec.persistencia.hibernate.HibernateUtil.getSession(160) : >getSession()
[SCEC] 2017-07-24 19:14:45,523 DEBUG edu.uag.iidis.scec.persistencia.LugarDAO.buscarPorNombre(31) : >buscarPorNombre(lugarExiste)
[SCEC] 2017-07-24 19:14:45,523 DEBUG edu.uag.iidis.scec.persistencia.hibernate.HibernateUtil.getSession(160) : >getSession()
Hibernate: select lugar0_.id as id6_, lugar0_.Nombre as Nombre6_, lugar0_.Descripcion as Descripc3_6_, lugar0_.Poblacion as Poblacion6_, lugar0_.Coordenadas as Coordena5_6_, lugar0_.Estado as Estado6_, lugar0_.Imagen as Imagen6_, lugar0_.Pais as Pais6_, lugar0_.Moneda as Moneda6_ from Lugares lugar0_ where lugar0_.Nombre=?
[SCEC] 2017-07-24 19:14:45,523 DEBUG edu.uag.iidis.scec.persistencia.LugarDAO.hazTransitorio(163) : >hazTransitorio(lugar)
[SCEC] 2017-07-24 19:14:45,523 DEBUG edu.uag.iidis.scec.persistencia.hibernate.HibernateUtil.getSession(160) : >getSession()
[SCEC] 2017-07-24 19:14:45,523 DEBUG edu.uag.iidis.scec.persistencia.hibernate.HibernateUtil.commitTransaction(256) : >commitTransaction()
[SCEC] 2017-07-24 19:14:45,523 DEBUG edu.uag.iidis.scec.persistencia.hibernate.HibernateUtil.commitTransaction(264) : -Comprometiendo la transacción de este thread.
Hibernate: delete from Lugares where id=?
[SCEC] 2017-07-24 19:14:45,539 DEBUG edu.uag.iidis.scec.persistencia.hibernate.HibernateUtil.closeSession(204) : >closeSession()
[SCEC] 2017-07-24 19:14:45,539 DEBUG edu.uag.iidis.scec.persistencia.hibernate.HibernateUtil.closeSession(212) : -Cerrando la sesión local al thread.
[SCEC] 2017-07-24 19:14:45,539 DEBUG edu.uag.iidis.scec.persistencia.hibernate.HibernateUtil.beginTransaction(230) : >beginTransaction()
[SCEC] 2017-07-24 19:14:45,539 DEBUG edu.uag.iidis.scec.persistencia.hibernate.HibernateUtil.beginTransaction(237) : -Iniciando una nueva transacción de base de datos en este thread.
[SCEC] 2017-07-24 19:14:45,539 DEBUG edu.uag.iidis.scec.persistencia.hibernate.HibernateUtil.getSession(160) : >getSession()
[SCEC] 2017-07-24 19:14:45,539 DEBUG edu.uag.iidis.scec.persistencia.hibernate.HibernateUtil.getSession(167) : -Abriendo una nueva sesión para el thread.
[SCEC] 2017-07-24 19:14:45,539 DEBUG edu.uag.iidis.scec.persistencia.LugarDAO.hazPersistente(145) : >hazPersistente(lugar)
[SCEC] 2017-07-24 19:14:45,555 DEBUG edu.uag.iidis.scec.persistencia.hibernate.HibernateUtil.getSession(160) : >getSession()
[SCEC] 2017-07-24 19:14:45,555 DEBUG edu.uag.iidis.scec.persistencia.hibernate.HibernateUtil.commitTransaction(256) : >commitTransaction()
[SCEC] 2017-07-24 19:14:45,555 DEBUG edu.uag.iidis.scec.persistencia.hibernate.HibernateUtil.commitTransaction(264) : -Comprometiendo la transacción de este thread.
Hibernate: insert into Lugares (Nombre, Descripcion, Poblacion, Coordenadas, Estado, Imagen, Pais, Moneda, id) values (?, ?, ?, ?, ?, ?, ?, ?, ?)
[SCEC] 2017-07-24 19:14:45,570  WARN org.hibernate.engine.jdbc.spi.SqlExceptionHelper.logExceptions(143) : SQL Error: 1062, SQLState: 23000
[SCEC] 2017-07-24 19:14:45,570 ERROR org.hibernate.engine.jdbc.spi.SqlExceptionHelper.logExceptions(144) : Duplicate key or integrity constraint violation,  message from server: "Duplicate entry 'lugar' for key 'Nombre'"
[SCEC] 2017-07-24 19:14:45,570 DEBUG edu.uag.iidis.scec.persistencia.hibernate.HibernateUtil.commitTransaction(271) : -Deshaciendo la transacción de este thread.
[SCEC] 2017-07-24 19:14:45,570 DEBUG edu.uag.iidis.scec.persistencia.hibernate.HibernateUtil.rollbackTransaction(287) : >rollbackTransaction()
[SCEC] 2017-07-24 19:14:45,570 DEBUG edu.uag.iidis.scec.persistencia.hibernate.HibernateUtil.rollbackTransaction(295) : -Intentando deshacer la transacción para este thread.
[SCEC] 2017-07-24 19:14:45,602 DEBUG edu.uag.iidis.scec.persistencia.hibernate.HibernateUtil.rollbackTransaction(304) : -Intentando cerrar la sesión.
[SCEC] 2017-07-24 19:14:45,602 DEBUG edu.uag.iidis.scec.persistencia.hibernate.HibernateUtil.closeSession(204) : >closeSession()
[SCEC] 2017-07-24 19:14:45,602 DEBUG edu.uag.iidis.scec.persistencia.hibernate.HibernateUtil.closeSession(212) : -Cerrando la sesión local al thread.
[SCEC] 2017-07-24 19:14:45,602 ERROR edu.uag.iidis.scec.persistencia.hibernate.HibernateUtil.commitTransaction(274) : <HibernateException
[SCEC] 2017-07-24 19:14:45,602 DEBUG edu.uag.iidis.scec.persistencia.hibernate.HibernateUtil.rollbackTransaction(287) : >rollbackTransaction()
[SCEC] 2017-07-24 19:14:45,602 DEBUG edu.uag.iidis.scec.persistencia.hibernate.HibernateUtil.rollbackTransaction(304) : -Intentando cerrar la sesión.
[SCEC] 2017-07-24 19:14:45,602 DEBUG edu.uag.iidis.scec.persistencia.hibernate.HibernateUtil.closeSession(204) : >closeSession()
[SCEC] 2017-07-24 19:14:45,602 DEBUG edu.uag.iidis.scec.persistencia.hibernate.HibernateUtil.closeSession(204) : >closeSession()
[SCEC] 2017-07-24 19:14:45,602 DEBUG edu.uag.iidis.scec.persistencia.hibernate.HibernateUtil.beginTransaction(230) : >beginTransaction()
[SCEC] 2017-07-24 19:14:45,602 DEBUG edu.uag.iidis.scec.persistencia.hibernate.HibernateUtil.beginTransaction(237) : -Iniciando una nueva transacción de base de datos en este thread.
[SCEC] 2017-07-24 19:14:45,602 DEBUG edu.uag.iidis.scec.persistencia.hibernate.HibernateUtil.getSession(160) : >getSession()
[SCEC] 2017-07-24 19:14:45,602 DEBUG edu.uag.iidis.scec.persistencia.hibernate.HibernateUtil.getSession(167) : -Abriendo una nueva sesión para el thread.
[SCEC] 2017-07-24 19:14:45,602 DEBUG edu.uag.iidis.scec.persistencia.LugarDAO.hazPersistente(145) : >hazPersistente(lugar)
[SCEC] 2017-07-24 19:14:45,602 DEBUG edu.uag.iidis.scec.persistencia.hibernate.HibernateUtil.getSession(160) : >getSession()
[SCEC] 2017-07-24 19:14:45,602 DEBUG edu.uag.iidis.scec.persistencia.hibernate.HibernateUtil.commitTransaction(256) : >commitTransaction()
[SCEC] 2017-07-24 19:14:45,602 DEBUG edu.uag.iidis.scec.persistencia.hibernate.HibernateUtil.commitTransaction(264) : -Comprometiendo la transacción de este thread.
Hibernate: insert into Lugares (Nombre, Descripcion, Poblacion, Coordenadas, Estado, Imagen, Pais, Moneda, id) values (?, ?, ?, ?, ?, ?, ?, ?, ?)
[SCEC] 2017-07-24 19:14:45,649 DEBUG edu.uag.iidis.scec.persistencia.hibernate.HibernateUtil.beginTransaction(230) : >beginTransaction()
[SCEC] 2017-07-24 19:14:45,649 DEBUG edu.uag.iidis.scec.persistencia.hibernate.HibernateUtil.beginTransaction(237) : -Iniciando una nueva transacción de base de datos en este thread.
[SCEC] 2017-07-24 19:14:45,649 DEBUG edu.uag.iidis.scec.persistencia.hibernate.HibernateUtil.getSession(160) : >getSession()
[SCEC] 2017-07-24 19:14:45,649 DEBUG edu.uag.iidis.scec.persistencia.LugarDAO.existeLugar(180) : >existeRol(nombreRol)
[SCEC] 2017-07-24 19:14:45,649 DEBUG edu.uag.iidis.scec.persistencia.LugarDAO.existeLugar(201) : select nombre from Lugar where nombre = :nombreadsfasdf
[SCEC] 2017-07-24 19:14:45,649 DEBUG edu.uag.iidis.scec.persistencia.hibernate.HibernateUtil.getSession(160) : >getSession()
[SCEC] 2017-07-24 19:14:45,649 DEBUG edu.uag.iidis.scec.persistencia.LugarDAO.existeLugar(207) : <<<<<<<<< create query ok 
[SCEC] 2017-07-24 19:14:45,649 DEBUG edu.uag.iidis.scec.persistencia.LugarDAO.existeLugar(212) : <<<<<<<<< set Parameter ok antes del query list >>>>>
Hibernate: select lugar0_.Nombre as col_0_0_ from Lugares lugar0_ where lugar0_.Nombre=?
[SCEC] 2017-07-24 19:14:45,649 DEBUG edu.uag.iidis.scec.persistencia.LugarDAO.existeLugar(217) : <<<<<<<<< Result size 0
[SCEC] 2017-07-24 19:14:45,649 DEBUG edu.uag.iidis.scec.persistencia.hibernate.HibernateUtil.commitTransaction(256) : >commitTransaction()
[SCEC] 2017-07-24 19:14:45,649 DEBUG edu.uag.iidis.scec.persistencia.hibernate.HibernateUtil.commitTransaction(264) : -Comprometiendo la transacción de este thread.
[SCEC] 2017-07-24 19:14:45,649 DEBUG edu.uag.iidis.scec.persistencia.hibernate.HibernateUtil.beginTransaction(230) : >beginTransaction()
[SCEC] 2017-07-24 19:14:45,649 DEBUG edu.uag.iidis.scec.persistencia.hibernate.HibernateUtil.beginTransaction(237) : -Iniciando una nueva transacción de base de datos en este thread.
[SCEC] 2017-07-24 19:14:45,649 DEBUG edu.uag.iidis.scec.persistencia.hibernate.HibernateUtil.getSession(160) : >getSession()
[SCEC] 2017-07-24 19:14:45,649 DEBUG edu.uag.iidis.scec.persistencia.LugarDAO.buscarPorNombre(31) : >buscarPorNombre(lugarExiste)
[SCEC] 2017-07-24 19:14:45,649 DEBUG edu.uag.iidis.scec.persistencia.hibernate.HibernateUtil.getSession(160) : >getSession()
Hibernate: select lugar0_.id as id6_, lugar0_.Nombre as Nombre6_, lugar0_.Descripcion as Descripc3_6_, lugar0_.Poblacion as Poblacion6_, lugar0_.Coordenadas as Coordena5_6_, lugar0_.Estado as Estado6_, lugar0_.Imagen as Imagen6_, lugar0_.Pais as Pais6_, lugar0_.Moneda as Moneda6_ from Lugares lugar0_ where lugar0_.Nombre=?
[SCEC] 2017-07-24 19:14:45,649 DEBUG edu.uag.iidis.scec.persistencia.LugarDAO.hazTransitorio(163) : >hazTransitorio(lugar)
[SCEC] 2017-07-24 19:14:45,649 DEBUG edu.uag.iidis.scec.persistencia.hibernate.HibernateUtil.getSession(160) : >getSession()
[SCEC] 2017-07-24 19:14:45,649 DEBUG edu.uag.iidis.scec.persistencia.hibernate.HibernateUtil.commitTransaction(256) : >commitTransaction()
[SCEC] 2017-07-24 19:14:45,649 DEBUG edu.uag.iidis.scec.persistencia.hibernate.HibernateUtil.commitTransaction(264) : -Comprometiendo la transacción de este thread.
Hibernate: delete from Lugares where id=?
[SCEC] 2017-07-24 19:14:45,695 DEBUG edu.uag.iidis.scec.persistencia.hibernate.HibernateUtil.closeSession(204) : >closeSession()
[SCEC] 2017-07-24 19:14:45,695 DEBUG edu.uag.iidis.scec.persistencia.hibernate.HibernateUtil.closeSession(212) : -Cerrando la sesión local al thread.
]]></system-out>
  <system-err><![CDATA[]]></system-err>
</testsuite>
